#
# There is insufficient memory for the Java Runtime Environment to continue.
# Native memory allocation (malloc) failed to allocate 1916416 bytes for Chunk::new
# Possible reasons:
#   The system is out of physical RAM or swap space
#   In 32 bit mode, the process size limit was hit
# Possible solutions:
#   Reduce memory load on the system
#   Increase physical memory or swap space
#   Check if swap backing store is full
#   Use 64 bit Java on a 64 bit OS
#   Decrease Java heap size (-Xmx/-Xms)
#   Decrease number of Java threads
#   Decrease Java thread stack sizes (-Xss)
#   Set larger code cache with -XX:ReservedCodeCacheSize=
# This output file may be truncated or incomplete.
#
#  Out of Memory Error (allocation.cpp:390), pid=11020, tid=208
#
# JRE version: Java(TM) SE Runtime Environment (8.0_20-b26) (build 1.8.0_20-b26)
# Java VM: Java HotSpot(TM) 64-Bit Server VM (25.20-b23 mixed mode windows-amd64 compressed oops)
# Failed to write core dump. Minidumps are not enabled by default on client versions of Windows
#

---------------  T H R E A D  ---------------

Current thread (0x0000000014d3d800):  JavaThread "C2 CompilerThread1" daemon [_thread_in_native, id=208, stack(0x0000000016740000,0x0000000016840000)]

Stack: [0x0000000016740000,0x0000000016840000]
Native frames: (J=compiled Java code, j=interpreted, Vv=VM code, C=native code)
V  [jvm.dll+0x3152fa]
V  [jvm.dll+0x265d03]
V  [jvm.dll+0x266943]
V  [jvm.dll+0x25e265]
V  [jvm.dll+0xbe255]
V  [jvm.dll+0xbe6fc]
V  [jvm.dll+0x45c472]
V  [jvm.dll+0x49d76f]
V  [jvm.dll+0x451911]
V  [jvm.dll+0x452634]
V  [jvm.dll+0x435fc2]
V  [jvm.dll+0x97b62]
V  [jvm.dll+0x98353]
V  [jvm.dll+0x22aac4]
V  [jvm.dll+0x283f5a]
C  [msvcr100.dll+0x21d9f]
C  [msvcr100.dll+0x21e3b]
C  [KERNEL32.DLL+0x18102]
C  [ntdll.dll+0x5c5b4]


Current CompileTask:
C2:  15536 2123   !   4       com.android.dx.cf.code.BytecodeArray::parseInstruction (2764 bytes)


---------------  P R O C E S S  ---------------

Java Threads: ( => current thread )
  0x000000001661b000 JavaThread "pool-1-thread-4" [_thread_in_Java, id=10772, stack(0x0000000017740000,0x0000000017840000)]
  0x0000000016619800 JavaThread "pool-1-thread-3" [_thread_blocked, id=9180, stack(0x0000000017640000,0x0000000017740000)]
  0x00000000166d4000 JavaThread "pool-1-thread-2" [_thread_blocked, id=120, stack(0x0000000017540000,0x0000000017640000)]
  0x00000000166ce800 JavaThread "pool-2-thread-1" [_thread_blocked, id=7588, stack(0x0000000017440000,0x0000000017540000)]
  0x00000000166cd800 JavaThread "pool-1-thread-1" [_thread_in_Java, id=14032, stack(0x0000000017340000,0x0000000017440000)]
  0x0000000016393000 JavaThread "Service Thread" daemon [_thread_blocked, id=10040, stack(0x0000000016940000,0x0000000016a40000)]
  0x0000000016391000 JavaThread "C1 CompilerThread2" daemon [_thread_blocked, id=4456, stack(0x0000000016840000,0x0000000016940000)]
=>0x0000000014d3d800 JavaThread "C2 CompilerThread1" daemon [_thread_in_native, id=208, stack(0x0000000016740000,0x0000000016840000)]
  0x0000000014cee800 JavaThread "C2 CompilerThread0" daemon [_thread_in_native, id=11708, stack(0x0000000016240000,0x0000000016340000)]
  0x0000000014ced000 JavaThread "Attach Listener" daemon [_thread_blocked, id=11712, stack(0x0000000016140000,0x0000000016240000)]
  0x0000000014cec000 JavaThread "Signal Dispatcher" daemon [_thread_blocked, id=12332, stack(0x0000000016040000,0x0000000016140000)]
  0x00000000025fd800 JavaThread "Finalizer" daemon [_thread_blocked, id=13556, stack(0x0000000015f40000,0x0000000016040000)]
  0x00000000025fa800 JavaThread "Reference Handler" daemon [_thread_blocked, id=4528, stack(0x0000000015e40000,0x0000000015f40000)]
  0x0000000002510800 JavaThread "main" [_thread_in_vm, id=2316, stack(0x0000000002310000,0x0000000002410000)]

Other Threads:
  0x0000000014ca5800 VMThread [stack: 0x0000000015d40000,0x0000000015e40000] [id=10524]
  0x0000000016395000 WatcherThread [stack: 0x0000000016a40000,0x0000000016b40000] [id=10224]

VM state:not at safepoint (normal execution)

VM Mutex/Monitor currently owned by a thread: None

Heap:
 PSYoungGen      total 121856K, used 45755K [0x00000000eab00000, 0x00000000f5880000, 0x0000000100000000)
  eden space 97792K, 22% used [0x00000000eab00000,0x00000000ec0341b0,0x00000000f0a80000)
  from space 24064K, 99% used [0x00000000f0a80000,0x00000000f21fac28,0x00000000f2200000)
  to   space 31744K, 0% used [0x00000000f3980000,0x00000000f3980000,0x00000000f5880000)
 ParOldGen       total 72192K, used 34780K [0x00000000c0000000, 0x00000000c4680000, 0x00000000eab00000)
  object space 72192K, 48% used [0x00000000c0000000,0x00000000c21f73d0,0x00000000c4680000)
 Metaspace       used 6511K, capacity 7256K, committed 7424K, reserved 1058816K
  class space    used 615K, capacity 656K, committed 768K, reserved 1048576K

Card table byte_map: [0x00000000119d0000,0x0000000011be0000] byte_map_base: 0x00000000113d0000

Marking Bits: (ParMarkBitMap*) 0x00000000765eb460
 Begin Bits: [0x0000000012140000, 0x0000000013140000)
 End Bits:   [0x0000000013140000, 0x0000000014140000)

Polling page: 0x0000000000450000

CodeCache: size=245760Kb used=9063Kb max_used=9090Kb free=236696Kb
 bounds [0x0000000002610000, 0x0000000002f00000, 0x0000000011610000]
 total_blobs=2310 nmethods=2043 adapters=180
 compilation: enabled

Compilation events (10 events):
Event: 14.862 Thread 0x0000000014d3d800 nmethod 2129 0x0000000002eae6d0 code [0x0000000002eae820, 0x0000000002eaea68]
Event: 14.862 Thread 0x0000000014d3d800 2123   !   4       com.android.dx.cf.code.BytecodeArray::parseInstruction (2764 bytes)
Event: 15.197 Thread 0x0000000016391000 2137       2       java.util.HashMap$TreeNode::find (172 bytes)
Event: 15.197 Thread 0x0000000016391000 nmethod 2137 0x0000000002eade10 code [0x0000000002eadfc0, 0x0000000002eae3f8]
Event: 15.227 Thread 0x0000000016391000 2138       1       java.util.TreeMap$Entry::getKey (5 bytes)
Event: 15.227 Thread 0x0000000016391000 nmethod 2138 0x0000000002e78850 code [0x0000000002e789a0, 0x0000000002e78ab0]
Event: 15.236 Thread 0x0000000016391000 2139       1       com.android.dx.ssa.LiteralOpUpgrader$1::visitPhiInsn (1 bytes)
Event: 15.236 Thread 0x0000000016391000 nmethod 2139 0x0000000002eadb50 code [0x0000000002eadca0, 0x0000000002eaddb0]
Event: 15.312 Thread 0x0000000016391000 2140       2       java.util.HashMap::comparableClassFor (105 bytes)
Event: 15.313 Thread 0x0000000016391000 nmethod 2140 0x0000000002eaf890 code [0x0000000002eafa40, 0x0000000002eafea8]

GC Heap History (10 events):
Event: 8.485 GC heap before
{Heap before GC invocations=7 (full 1):
 PSYoungGen      total 51712K, used 51687K [0x00000000eab00000, 0x00000000f0680000, 0x0000000100000000)
  eden space 49152K, 100% used [0x00000000eab00000,0x00000000edb00000,0x00000000edb00000)
  from space 2560K, 99% used [0x00000000edb00000,0x00000000edd79f00,0x00000000edd80000)
  to   space 11264K, 0% used [0x00000000efb80000,0x00000000efb80000,0x00000000f0680000)
 ParOldGen       total 25088K, used 16699K [0x00000000c0000000, 0x00000000c1880000, 0x00000000eab00000)
  object space 25088K, 66% used [0x00000000c0000000,0x00000000c104ee00,0x00000000c1880000)
 Metaspace       used 6318K, capacity 7152K, committed 7296K, reserved 1058816K
  class space    used 596K, capacity 616K, committed 640K, reserved 1048576K
Event: 8.534 GC heap after
Heap after GC invocations=7 (full 1):
 PSYoungGen      total 80384K, used 10490K [0x00000000eab00000, 0x00000000f0e00000, 0x0000000100000000)
  eden space 69120K, 0% used [0x00000000eab00000,0x00000000eab00000,0x00000000eee80000)
  from space 11264K, 93% used [0x00000000efb80000,0x00000000f05bea50,0x00000000f0680000)
  to   space 13312K, 0% used [0x00000000eee80000,0x00000000eee80000,0x00000000efb80000)
 ParOldGen       total 25088K, used 16699K [0x00000000c0000000, 0x00000000c1880000, 0x00000000eab00000)
  object space 25088K, 66% used [0x00000000c0000000,0x00000000c104ee00,0x00000000c1880000)
 Metaspace       used 6318K, capacity 7152K, committed 7296K, reserved 1058816K
  class space    used 596K, capacity 616K, committed 640K, reserved 1048576K
}
Event: 9.564 GC heap before
{Heap before GC invocations=8 (full 1):
 PSYoungGen      total 80384K, used 79610K [0x00000000eab00000, 0x00000000f0e00000, 0x0000000100000000)
  eden space 69120K, 100% used [0x00000000eab00000,0x00000000eee80000,0x00000000eee80000)
  from space 11264K, 93% used [0x00000000efb80000,0x00000000f05bea50,0x00000000f0680000)
  to   space 13312K, 0% used [0x00000000eee80000,0x00000000eee80000,0x00000000efb80000)
 ParOldGen       total 25088K, used 16699K [0x00000000c0000000, 0x00000000c1880000, 0x00000000eab00000)
  object space 25088K, 66% used [0x00000000c0000000,0x00000000c104ee00,0x00000000c1880000)
 Metaspace       used 6377K, capacity 7216K, committed 7296K, reserved 1058816K
  class space    used 596K, capacity 616K, committed 640K, reserved 1048576K
Event: 9.690 GC heap after
Heap after GC invocations=8 (full 1):
 PSYoungGen      total 82432K, used 13285K [0x00000000eab00000, 0x00000000f3980000, 0x0000000100000000)
  eden space 69120K, 0% used [0x00000000eab00000,0x00000000eab00000,0x00000000eee80000)
  from space 13312K, 99% used [0x00000000eee80000,0x00000000efb79790,0x00000000efb80000)
  to   space 19456K, 0% used [0x00000000f2680000,0x00000000f2680000,0x00000000f3980000)
 ParOldGen       total 25088K, used 24152K [0x00000000c0000000, 0x00000000c1880000, 0x00000000eab00000)
  object space 25088K, 96% used [0x00000000c0000000,0x00000000c1796300,0x00000000c1880000)
 Metaspace       used 6377K, capacity 7216K, committed 7296K, reserved 1058816K
  class space    used 596K, capacity 616K, committed 640K, reserved 1048576K
}
Event: 9.690 GC heap before
{Heap before GC invocations=9 (full 2):
 PSYoungGen      total 82432K, used 13285K [0x00000000eab00000, 0x00000000f3980000, 0x0000000100000000)
  eden space 69120K, 0% used [0x00000000eab00000,0x00000000eab00000,0x00000000eee80000)
  from space 13312K, 99% used [0x00000000eee80000,0x00000000efb79790,0x00000000efb80000)
  to   space 19456K, 0% used [0x00000000f2680000,0x00000000f2680000,0x00000000f3980000)
 ParOldGen       total 25088K, used 24152K [0x00000000c0000000, 0x00000000c1880000, 0x00000000eab00000)
  object space 25088K, 96% used [0x00000000c0000000,0x00000000c1796300,0x00000000c1880000)
 Metaspace       used 6377K, capacity 7216K, committed 7296K, reserved 1058816K
  class space    used 596K, capacity 616K, committed 640K, reserved 1048576K
Event: 11.132 GC heap after
Heap after GC invocations=9 (full 2):
 PSYoungGen      total 82432K, used 10646K [0x00000000eab00000, 0x00000000f3980000, 0x0000000100000000)
  eden space 69120K, 0% used [0x00000000eab00000,0x00000000eab00000,0x00000000eee80000)
  from space 13312K, 79% used [0x00000000eee80000,0x00000000ef8e59d0,0x00000000efb80000)
  to   space 19456K, 0% used [0x00000000f2680000,0x00000000f2680000,0x00000000f3980000)
 ParOldGen       total 72192K, used 24971K [0x00000000c0000000, 0x00000000c4680000, 0x00000000eab00000)
  object space 72192K, 34% used [0x00000000c0000000,0x00000000c1862ee0,0x00000000c4680000)
 Metaspace       used 6377K, capacity 7216K, committed 7296K, reserved 1058816K
  class space    used 596K, capacity 616K, committed 640K, reserved 1048576K
}
Event: 12.351 GC heap before
{Heap before GC invocations=10 (full 2):
 PSYoungGen      total 82432K, used 79766K [0x00000000eab00000, 0x00000000f3980000, 0x0000000100000000)
  eden space 69120K, 100% used [0x00000000eab00000,0x00000000eee80000,0x00000000eee80000)
  from space 13312K, 79% used [0x00000000eee80000,0x00000000ef8e59d0,0x00000000efb80000)
  to   space 19456K, 0% used [0x00000000f2680000,0x00000000f2680000,0x00000000f3980000)
 ParOldGen       total 72192K, used 24971K [0x00000000c0000000, 0x00000000c4680000, 0x00000000eab00000)
  object space 72192K, 34% used [0x00000000c0000000,0x00000000c1862ee0,0x00000000c4680000)
 Metaspace       used 6410K, capacity 7216K, committed 7296K, reserved 1058816K
  class space    used 596K, capacity 616K, committed 640K, reserved 1048576K
Event: 12.476 GC heap after
Heap after GC invocations=10 (full 2):
 PSYoungGen      total 113152K, used 19449K [0x00000000eab00000, 0x00000000f3980000, 0x0000000100000000)
  eden space 93696K, 0% used [0x00000000eab00000,0x00000000eab00000,0x00000000f0680000)
  from space 19456K, 99% used [0x00000000f2680000,0x00000000f397e430,0x00000000f3980000)
  to   space 24064K, 0% used [0x00000000f0a80000,0x00000000f0a80000,0x00000000f2200000)
 ParOldGen       total 72192K, used 26393K [0x00000000c0000000, 0x00000000c4680000, 0x00000000eab00000)
  object space 72192K, 36% used [0x00000000c0000000,0x00000000c19c64f0,0x00000000c4680000)
 Metaspace       used 6410K, capacity 7216K, committed 7296K, reserved 1058816K
  class space    used 596K, capacity 616K, committed 640K, reserved 1048576K
}
Event: 14.954 GC heap before
{Heap before GC invocations=11 (full 2):
 PSYoungGen      total 113152K, used 113145K [0x00000000eab00000, 0x00000000f3980000, 0x0000000100000000)
  eden space 93696K, 100% used [0x00000000eab00000,0x00000000f0680000,0x00000000f0680000)
  from space 19456K, 99% used [0x00000000f2680000,0x00000000f397e430,0x00000000f3980000)
  to   space 24064K, 0% used [0x00000000f0a80000,0x00000000f0a80000,0x00000000f2200000)
 ParOldGen       total 72192K, used 26393K [0x00000000c0000000, 0x00000000c4680000, 0x00000000eab00000)
  object space 72192K, 36% used [0x00000000c0000000,0x00000000c19c64f0,0x00000000c4680000)
 Metaspace       used 6507K, capacity 7256K, committed 7424K, reserved 1058816K
  class space    used 615K, capacity 656K, committed 768K, reserved 1048576K
Event: 15.183 GC heap after
Heap after GC invocations=11 (full 2):
 PSYoungGen      total 121856K, used 24043K [0x00000000eab00000, 0x00000000f5880000, 0x0000000100000000)
  eden space 97792K, 0% used [0x00000000eab00000,0x00000000eab00000,0x00000000f0a80000)
  from space 24064K, 99% used [0x00000000f0a80000,0x00000000f21fac28,0x00000000f2200000)
  to   space 31744K, 0% used [0x00000000f3980000,0x00000000f3980000,0x00000000f5880000)
 ParOldGen       total 72192K, used 34780K [0x00000000c0000000, 0x00000000c4680000, 0x00000000eab00000)
  object space 72192K, 48% used [0x00000000c0000000,0x00000000c21f73d0,0x00000000c4680000)
 Metaspace       used 6507K, capacity 7256K, committed 7424K, reserved 1058816K
  class space    used 615K, capacity 656K, committed 768K, reserved 1048576K
}

Deoptimization events (10 events):
Event: 13.039 Thread 0x00000000166d4000 Uncommon trap: reason=bimorphic action=maybe_recompile pc=0x0000000002e82e34 method=com.android.dx.cf.code.BytecodeArray.parseInstruction(ILcom/android/dx/cf/code/BytecodeArray$Visitor;)I @ 1051
Event: 13.039 Thread 0x00000000166d4000 Uncommon trap: reason=bimorphic action=maybe_recompile pc=0x0000000002e82db0 method=com.android.dx.cf.code.BytecodeArray.parseInstruction(ILcom/android/dx/cf/code/BytecodeArray$Visitor;)I @ 1035
Event: 13.133 Thread 0x0000000016619800 Uncommon trap: reason=class_check action=maybe_recompile pc=0x0000000002be74d8 method=java.util.HashMap.putVal(ILjava/lang/Object;Ljava/lang/Object;ZZ)Ljava/lang/Object; @ 203
Event: 13.920 Thread 0x0000000002510800 Uncommon trap: reason=unreached action=reinterpret pc=0x0000000002b92ab8 method=java.util.HashMap.getNode(ILjava/lang/Object;)Ljava/util/HashMap$Node; @ 84
Event: 13.920 Thread 0x0000000002510800 Uncommon trap: reason=unreached action=reinterpret pc=0x0000000002be3518 method=java.util.HashMap.getNode(ILjava/lang/Object;)Ljava/util/HashMap$Node; @ 84
Event: 13.920 Thread 0x0000000002510800 Uncommon trap: reason=unreached action=reinterpret pc=0x0000000002c01f6c method=java.util.HashMap.getNode(ILjava/lang/Object;)Ljava/util/HashMap$Node; @ 84
Event: 14.089 Thread 0x00000000166d4000 Uncommon trap: reason=class_check action=maybe_recompile pc=0x0000000002ebb684 method=com.android.dx.cf.code.BytecodeArray.parseInstruction(ILcom/android/dx/cf/code/BytecodeArray$Visitor;)I @ 1807
Event: 14.109 Thread 0x00000000166d4000 Uncommon trap: reason=class_check action=maybe_recompile pc=0x0000000002ebb684 method=com.android.dx.cf.code.BytecodeArray.parseInstruction(ILcom/android/dx/cf/code/BytecodeArray$Visitor;)I @ 1807
Event: 14.109 Thread 0x00000000166d4000 Uncommon trap: reason=class_check action=maybe_recompile pc=0x0000000002ebb684 method=com.android.dx.cf.code.BytecodeArray.parseInstruction(ILcom/android/dx/cf/code/BytecodeArray$Visitor;)I @ 1807
Event: 14.109 Thread 0x00000000166d4000 Uncommon trap: reason=class_check action=maybe_recompile pc=0x0000000002ebb684 method=com.android.dx.cf.code.BytecodeArray.parseInstruction(ILcom/android/dx/cf/code/BytecodeArray$Visitor;)I @ 1807

Internal exceptions (10 events):
Event: 4.077 Thread 0x0000000002510800 Exception <a 'java/security/PrivilegedActionException'> (0x00000000eb27d5f0) thrown at [D:\re\workspace\8-2-build-windows-amd64-cygwin\jdk8u20\1074\hotspot\src\share\vm\prims\jvm.cpp, line 1275]
Event: 4.601 Thread 0x0000000016619800 Exception <a 'java/security/PrivilegedActionException'> (0x00000000eb5262c0) thrown at [D:\re\workspace\8-2-build-windows-amd64-cygwin\jdk8u20\1074\hotspot\src\share\vm\prims\jvm.cpp, line 1275]
Event: 6.356 Thread 0x0000000002510800 Exception <a 'java/security/PrivilegedActionException'> (0x00000000ec5c7450) thrown at [D:\re\workspace\8-2-build-windows-amd64-cygwin\jdk8u20\1074\hotspot\src\share\vm\prims\jvm.cpp, line 1275]
Event: 6.367 Thread 0x0000000002510800 Exception <a 'java/security/PrivilegedActionException'> (0x00000000ec624db0) thrown at [D:\re\workspace\8-2-build-windows-amd64-cygwin\jdk8u20\1074\hotspot\src\share\vm\prims\jvm.cpp, line 1275]
Event: 7.029 Thread 0x00000000166cd800 Exception <a 'java/security/PrivilegedActionException'> (0x00000000eb484f20) thrown at [D:\re\workspace\8-2-build-windows-amd64-cygwin\jdk8u20\1074\hotspot\src\share\vm\prims\jvm.cpp, line 1275]
Event: 7.118 Thread 0x00000000166cd800 Implicit null exception at 0x0000000002c1c34d to 0x0000000002c1e805
Event: 8.466 Thread 0x0000000002510800 Implicit null exception at 0x0000000002c4dfed to 0x0000000002c4f3a9
Event: 13.906 Thread 0x0000000002510800 Exception <a 'java/lang/ArrayIndexOutOfBoundsException': 18> (0x00000000ee4705e0) thrown at [D:\re\workspace\8-2-build-windows-amd64-cygwin\jdk8u20\1074\hotspot\src\share\vm\interpreter\interpreterRuntime.cpp, line 366]
Event: 13.907 Thread 0x0000000002510800 Exception <a 'java/lang/ArrayIndexOutOfBoundsException'> (0x00000000ee472078) thrown at [D:\re\workspace\8-2-build-windows-amd64-cygwin\jdk8u20\1074\hotspot\src\share\vm\runtime\sharedRuntime.cpp, line 604]
Event: 13.919 Thread 0x0000000002510800 Exception <a 'java/lang/ArrayIndexOutOfBoundsException'> (0x00000000ee473290) thrown at [D:\re\workspace\8-2-build-windows-amd64-cygwin\jdk8u20\1074\hotspot\src\share\vm\runtime\sharedRuntime.cpp, line 604]

Events (10 events):
Event: 14.215 Thread 0x0000000002510800 DEOPT PACKING pc=0x0000000002ac3ac1 sp=0x000000000240e380
Event: 14.215 Thread 0x0000000002510800 DEOPT UNPACKING pc=0x00000000026575bf sp=0x000000000240e1b0 mode 0
Event: 14.503 Thread 0x00000000166cd800 DEOPT PACKING pc=0x0000000002c77898 sp=0x000000001743e7a0
Event: 14.503 Thread 0x00000000166cd800 DEOPT UNPACKING pc=0x00000000026575bf sp=0x000000001743e520 mode 0
Event: 14.558 Thread 0x0000000016619800 DEOPT PACKING pc=0x0000000002cec8b1 sp=0x000000001773eae0
Event: 14.558 Thread 0x0000000016619800 DEOPT UNPACKING pc=0x00000000026575bf sp=0x000000001773e848 mode 0
Event: 14.836 Thread 0x0000000016619800 DEOPT PACKING pc=0x0000000002ac3ac1 sp=0x000000001773ebb0
Event: 14.836 Thread 0x0000000016619800 DEOPT UNPACKING pc=0x00000000026575bf sp=0x000000001773e9e0 mode 0
Event: 14.888 Executing VM operation: ParallelGCFailedAllocation
Event: 15.183 Executing VM operation: ParallelGCFailedAllocation done


Dynamic libraries:
0x00007ff6cdf10000 - 0x00007ff6cdf44000 	F:\Java\jdk1.8.0_20\bin\java.exe
0x00007ffd1c160000 - 0x00007ffd1c321000 	C:\WINDOWS\SYSTEM32\ntdll.dll
0x00007ffd1a180000 - 0x00007ffd1a22d000 	C:\WINDOWS\system32\KERNEL32.DLL
0x00007ffd19170000 - 0x00007ffd19358000 	C:\WINDOWS\system32\KERNELBASE.dll
0x00007ffd1a6c0000 - 0x00007ffd1a767000 	C:\WINDOWS\system32\ADVAPI32.dll
0x00007ffd1bdf0000 - 0x00007ffd1be8d000 	C:\WINDOWS\system32\msvcrt.dll
0x00007ffd19560000 - 0x00007ffd195bb000 	C:\WINDOWS\system32\sechost.dll
0x00007ffd1bea0000 - 0x00007ffd1bfbc000 	C:\WINDOWS\system32\RPCRT4.dll
0x00007ffd19ac0000 - 0x00007ffd19c16000 	C:\WINDOWS\system32\USER32.dll
0x00007ffd1a230000 - 0x00007ffd1a3b6000 	C:\WINDOWS\system32\GDI32.dll
0x00007ffd12280000 - 0x00007ffd124f4000 	C:\WINDOWS\WinSxS\amd64_microsoft.windows.common-controls_6595b64144ccf1df_6.0.10586.0_none_8c15ae12515e1c22\COMCTL32.dll
0x00007ffd1a3c0000 - 0x00007ffd1a63d000 	C:\WINDOWS\system32\combase.dll
0x00007ffd194d0000 - 0x00007ffd1953a000 	C:\WINDOWS\system32\bcryptPrimitives.dll
0x00007ffd197d0000 - 0x00007ffd1980b000 	C:\WINDOWS\system32\IMM32.DLL
0x00007ffd18670000 - 0x00007ffd186a2000 	C:\Windows\system32\nvinitx.dll
0x00007ffd18660000 - 0x00007ffd1866a000 	C:\WINDOWS\SYSTEM32\VERSION.dll
0x0000000075d00000 - 0x0000000075dd2000 	F:\Java\jdk1.8.0_20\jre\bin\msvcr100.dll
0x0000000075e10000 - 0x0000000076668000 	F:\Java\jdk1.8.0_20\jre\bin\server\jvm.dll
0x00007ffd1bde0000 - 0x00007ffd1bde8000 	C:\WINDOWS\system32\PSAPI.DLL
0x00007ffd09f20000 - 0x00007ffd09f29000 	C:\WINDOWS\SYSTEM32\WSOCK32.dll
0x00007ffd1c030000 - 0x00007ffd1c09b000 	C:\WINDOWS\system32\WS2_32.dll
0x00007ffd167d0000 - 0x00007ffd167f3000 	C:\WINDOWS\SYSTEM32\WINMM.dll
0x00007ffd167a0000 - 0x00007ffd167cc000 	C:\WINDOWS\SYSTEM32\WINMMBASE.dll
0x00007ffd19120000 - 0x00007ffd19163000 	C:\WINDOWS\system32\cfgmgr32.dll
0x0000000077550000 - 0x000000007755f000 	F:\Java\jdk1.8.0_20\jre\bin\verify.dll
0x0000000077520000 - 0x0000000077548000 	F:\Java\jdk1.8.0_20\jre\bin\java.dll
0x0000000077500000 - 0x0000000077516000 	F:\Java\jdk1.8.0_20\jre\bin\zip.dll
0x00007ffd1a880000 - 0x00007ffd1bddc000 	C:\WINDOWS\system32\SHELL32.dll
0x00007ffd18ad0000 - 0x00007ffd19114000 	C:\WINDOWS\system32\windows.storage.dll
0x00007ffd1a660000 - 0x00007ffd1a6b2000 	C:\WINDOWS\system32\shlwapi.dll
0x00007ffd18780000 - 0x00007ffd1878f000 	C:\WINDOWS\system32\kernel.appcore.dll
0x00007ffd19410000 - 0x00007ffd194c5000 	C:\WINDOWS\system32\shcore.dll
0x00007ffd187c0000 - 0x00007ffd1880b000 	C:\WINDOWS\system32\powrprof.dll
0x00007ffd187a0000 - 0x00007ffd187b4000 	C:\WINDOWS\system32\profapi.dll
0x00007ffd12860000 - 0x00007ffd129ec000 	C:\WINDOWS\SYSTEM32\dbghelp.dll

VM Arguments:
jvm_args: -Djava.awt.headless=true -Xmx1024M -Dfile.encoding=GBK -Duser.country=CN -Duser.language=zh -Duser.variant 
java_command: com.android.dx.command.Main --dex --num-threads=4 --output F:\ASW1\app\build\intermediates\pre-dexed\debug\com.android.support-support-v4-22.2.1_94f8ba22c2ad544ec6b953906af0ac9cbd04aa7e.jar F:\ASW1\app\build\intermediates\exploded-aar\com.android.support\support-v4\22.2.1\jars\classes.jar
java_class_path (initial): F:\sdk\build-tools\23.0.2\lib\dx.jar
Launcher Type: SUN_STANDARD

Environment Variables:
JAVA_HOME=F:\Java\jdk1.8.0_20
CLASSPATH=.;F:\Java\jdk1.8.0_20\lib\dt.jar;F:\Java\jdk1.8.0_20\lib\tools.jar;
PATH=F:\Java\jdk1.8.0_20\bin;F:\Java\jdk1.8.0_20\jre\bin;C:\ProgramData\Oracle\Java\javapath;C:\Program Files\Broadcom\Broadcom 802.11 Network Adapter\Driver;C:\Program Files\Dell\DW WLAN Card;C:\Windows\system32;C:\Windows;C:\Windows\System32\Wbem;C:\Windows\System32\WindowsPowerShell\v1.0\;C:\WINDOWS\system32;C:\WINDOWS;C:\WINDOWS\System32\Wbem;C:\WINDOWS\System32\WindowsPowerShell\v1.0\;F:\Maven\bin;C:\Program Files (x86)\NVIDIA Corporation\PhysX\Common;D:\Bluetooth\Bluetooth Software\;D:\Bluetooth\Bluetooth Software\syswow64;
USERNAME=fjh
OS=Windows_NT
PROCESSOR_IDENTIFIER=Intel64 Family 6 Model 58 Stepping 9, GenuineIntel



---------------  S Y S T E M  ---------------

OS: Windows 8.1 , 64 bit Build 9600 

CPU:total 4 (2 cores per cpu, 2 threads per core) family 6 model 58 stepping 9, cmov, cx8, fxsr, mmx, sse, sse2, sse3, ssse3, sse4.1, sse4.2, popcnt, avx, clmul, erms, ht, tsc, tscinvbit, tscinv

Memory: 4k page, physical 4060296k(335264k free), swap 12099040k(5596k free)

vm_info: Java HotSpot(TM) 64-Bit Server VM (25.20-b23) for windows-amd64 JRE (1.8.0_20-b26), built on Jul 30 2014 13:51:23 by "java_re" with MS VC++ 10.0 (VS2010)

time: Fri Jun 03 04:51:53 2016
elapsed time: 15 seconds (0d 0h 0m 15s)

