#
# There is insufficient memory for the Java Runtime Environment to continue.
# Native memory allocation (malloc) failed to allocate 224336 bytes for Chunk::new
# Possible reasons:
#   The system is out of physical RAM or swap space
#   In 32 bit mode, the process size limit was hit
# Possible solutions:
#   Reduce memory load on the system
#   Increase physical memory or swap space
#   Check if swap backing store is full
#   Use 64 bit Java on a 64 bit OS
#   Decrease Java heap size (-Xmx/-Xms)
#   Decrease number of Java threads
#   Decrease Java thread stack sizes (-Xss)
#   Set larger code cache with -XX:ReservedCodeCacheSize=
# This output file may be truncated or incomplete.
#
#  Out of Memory Error (allocation.cpp:390), pid=5028, tid=11096
#
# JRE version: Java(TM) SE Runtime Environment (8.0_20-b26) (build 1.8.0_20-b26)
# Java VM: Java HotSpot(TM) 64-Bit Server VM (25.20-b23 mixed mode windows-amd64 compressed oops)
# Failed to write core dump. Minidumps are not enabled by default on client versions of Windows
#

---------------  T H R E A D  ---------------

Current thread (0x0000000014cd9800):  JavaThread "C2 CompilerThread0" daemon [_thread_in_native, id=11096, stack(0x00000000161f0000,0x00000000162f0000)]

Stack: [0x00000000161f0000,0x00000000162f0000]
Native frames: (J=compiled Java code, j=interpreted, Vv=VM code, C=native code)
V  [jvm.dll+0x3152fa]
V  [jvm.dll+0x265d03]
V  [jvm.dll+0x266943]
V  [jvm.dll+0x25e265]
V  [jvm.dll+0xbe255]
V  [jvm.dll+0xbe6fc]
V  [jvm.dll+0x45c472]
V  [jvm.dll+0x49d76f]
V  [jvm.dll+0x451911]
V  [jvm.dll+0x452634]
V  [jvm.dll+0x435fc2]
V  [jvm.dll+0x97b62]
V  [jvm.dll+0x98353]
V  [jvm.dll+0x22aac4]
V  [jvm.dll+0x283f5a]
C  [msvcr100.dll+0x21d9f]
C  [msvcr100.dll+0x21e3b]
C  [KERNEL32.DLL+0x18102]
C  [ntdll.dll+0x5c5b4]


Current CompileTask:
C2:   5890 1206       4       com.android.dx.rop.code.RopMethod::labelToPredecessors (54 bytes)


---------------  P R O C E S S  ---------------

Java Threads: ( => current thread )
  0x0000000016761000 JavaThread "pool-1-thread-4" [_thread_blocked, id=10756, stack(0x0000000016ef0000,0x0000000016ff0000)]
  0x000000001675c000 JavaThread "pool-1-thread-3" [_thread_blocked, id=10708, stack(0x0000000016df0000,0x0000000016ef0000)]
  0x000000001675b000 JavaThread "pool-1-thread-2" [_thread_blocked, id=9984, stack(0x0000000016cf0000,0x0000000016df0000)]
  0x0000000016676800 JavaThread "pool-2-thread-1" [_thread_blocked, id=10620, stack(0x0000000016bf0000,0x0000000016cf0000)]
  0x0000000016676000 JavaThread "pool-1-thread-1" [_thread_blocked, id=11072, stack(0x0000000016af0000,0x0000000016bf0000)]
  0x0000000016543000 JavaThread "Service Thread" daemon [_thread_blocked, id=4316, stack(0x00000000168f0000,0x00000000169f0000)]
  0x0000000014cdd800 JavaThread "C1 CompilerThread2" daemon [_thread_in_native, id=3472, stack(0x00000000163f0000,0x00000000164f0000)]
  0x0000000014cdc000 JavaThread "C2 CompilerThread1" daemon [_thread_in_native, id=12272, stack(0x00000000162f0000,0x00000000163f0000)]
=>0x0000000014cd9800 JavaThread "C2 CompilerThread0" daemon [_thread_in_native, id=11096, stack(0x00000000161f0000,0x00000000162f0000)]
  0x0000000014c8f000 JavaThread "Attach Listener" daemon [_thread_blocked, id=13520, stack(0x00000000160f0000,0x00000000161f0000)]
  0x0000000014c8e000 JavaThread "Signal Dispatcher" daemon [_thread_blocked, id=11696, stack(0x0000000015ff0000,0x00000000160f0000)]
  0x00000000025a0800 JavaThread "Finalizer" daemon [_thread_blocked, id=4588, stack(0x0000000015ef0000,0x0000000015ff0000)]
  0x000000000259d000 JavaThread "Reference Handler" daemon [_thread_blocked, id=7232, stack(0x0000000015df0000,0x0000000015ef0000)]
  0x00000000024b0800 JavaThread "main" [_thread_blocked, id=1220, stack(0x0000000002320000,0x0000000002420000)]

Other Threads:
  0x0000000014c46800 VMThread [stack: 0x0000000015cf0000,0x0000000015df0000] [id=6940]
  0x0000000016547000 WatcherThread [stack: 0x00000000169f0000,0x0000000016af0000] [id=13376]

VM state:at safepoint (normal execution)

VM Mutex/Monitor currently owned by a thread:  ([mutex/lock_event])
[0x00000000024ac7b0] Threads_lock - owner thread: 0x0000000014c46800
[0x00000000024ac0b0] Heap_lock - owner thread: 0x0000000016676000

Heap:
 PSYoungGen      total 18432K, used 18424K [0x00000000eab00000, 0x00000000ebf80000, 0x0000000100000000)
  eden space 15872K, 100% used [0x00000000eab00000,0x00000000eba80000,0x00000000eba80000)
  from space 2560K, 99% used [0x00000000eba80000,0x00000000ebcfe238,0x00000000ebd00000)
  to   space 2560K, 99% used [0x00000000ebd00000,0x00000000ebf7fc80,0x00000000ebf80000)
 ParOldGen       total 42496K, used 3630K [0x00000000c0000000, 0x00000000c2980000, 0x00000000eab00000)
  object space 42496K, 8% used [0x00000000c0000000,0x00000000c038b848,0x00000000c2980000)
 Metaspace       used 5973K, capacity 6896K, committed 7040K, reserved 1056768K
  class space    used 590K, capacity 616K, committed 640K, reserved 1048576K

Card table byte_map: [0x0000000011970000,0x0000000011b80000] byte_map_base: 0x0000000011370000

Marking Bits: (ParMarkBitMap*) 0x00000000765eb460
 Begin Bits: [0x00000000120e0000, 0x00000000130e0000)
 End Bits:   [0x00000000130e0000, 0x00000000140e0000)

Polling page: 0x00000000004f0000

CodeCache: size=245760Kb used=4937Kb max_used=4937Kb free=240822Kb
 bounds [0x00000000025b0000, 0x0000000002a90000, 0x00000000115b0000]
 total_blobs=1499 nmethods=1233 adapters=180
 compilation: enabled

Compilation events (10 events):
Event: 5.731 Thread 0x0000000014cdd800 1235       3       com.android.dx.cf.code.BasicBlocker::visitBranch (98 bytes)
Event: 5.733 Thread 0x0000000014cdd800 nmethod 1235 0x0000000002a81690 code [0x0000000002a81980, 0x0000000002a82f18]
Event: 5.733 Thread 0x0000000014cdd800 1237       2       com.android.dx.rop.type.Type::equals (31 bytes)
Event: 5.733 Thread 0x0000000014cdd800 nmethod 1237 0x0000000002a843d0 code [0x0000000002a84540, 0x0000000002a84768]
Event: 5.733 Thread 0x0000000014cdd800 1239       1       java.util.HashMap::afterNodeAccess (1 bytes)
Event: 5.733 Thread 0x0000000014cdd800 nmethod 1239 0x0000000002a84890 code [0x0000000002a849e0, 0x0000000002a84af0]
Event: 5.733 Thread 0x0000000014cdd800 1236       3       com.android.dx.rop.cst.CstString::equals (24 bytes)
Event: 5.733 Thread 0x0000000014cdd800 nmethod 1236 0x0000000002a84b50 code [0x0000000002a84cc0, 0x0000000002a85108]
Event: 5.734 Thread 0x0000000014cdd800 1240       3       com.android.dx.ssa.back.FirstFitLocalCombiningAllocator::findRopRegForLocal (74 bytes)
Event: 5.735 Thread 0x0000000014cdd800 nmethod 1240 0x0000000002a85210 code [0x0000000002a853e0, 0x0000000002a85ac8]

GC Heap History (2 events):
Event: 4.775 GC heap before
{Heap before GC invocations=1 (full 0):
 PSYoungGen      total 18432K, used 15872K [0x00000000eab00000, 0x00000000ebf80000, 0x0000000100000000)
  eden space 15872K, 100% used [0x00000000eab00000,0x00000000eba80000,0x00000000eba80000)
  from space 2560K, 0% used [0x00000000ebd00000,0x00000000ebd00000,0x00000000ebf80000)
  to   space 2560K, 0% used [0x00000000eba80000,0x00000000eba80000,0x00000000ebd00000)
 ParOldGen       total 42496K, used 0K [0x00000000c0000000, 0x00000000c2980000, 0x00000000eab00000)
  object space 42496K, 0% used [0x00000000c0000000,0x00000000c0000000,0x00000000c2980000)
 Metaspace       used 5764K, capacity 6768K, committed 7040K, reserved 1056768K
  class space    used 589K, capacity 616K, committed 640K, reserved 1048576K
Event: 4.840 GC heap after
Heap after GC invocations=1 (full 0):
 PSYoungGen      total 18432K, used 2552K [0x00000000eab00000, 0x00000000ebf80000, 0x0000000100000000)
  eden space 15872K, 0% used [0x00000000eab00000,0x00000000eab00000,0x00000000eba80000)
  from space 2560K, 99% used [0x00000000eba80000,0x00000000ebcfe238,0x00000000ebd00000)
  to   space 2560K, 0% used [0x00000000ebd00000,0x00000000ebd00000,0x00000000ebf80000)
 ParOldGen       total 42496K, used 2018K [0x00000000c0000000, 0x00000000c2980000, 0x00000000eab00000)
  object space 42496K, 4% used [0x00000000c0000000,0x00000000c01f8818,0x00000000c2980000)
 Metaspace       used 5764K, capacity 6768K, committed 7040K, reserved 1056768K
  class space    used 589K, capacity 616K, committed 640K, reserved 1048576K
}

Deoptimization events (7 events):
Event: 4.881 Thread 0x000000001675b000 Uncommon trap: reason=null_check action=make_not_entrant pc=0x00000000028b1434 method=com.android.dx.ssa.SsaRenamer.getLocalForNewReg(I)Lcom/android/dx/rop/code/LocalItem; @ 19
Event: 5.011 Thread 0x00000000024b0800 Uncommon trap: reason=bimorphic action=maybe_recompile pc=0x0000000002846b50 method=java.util.HashMap.getNode(ILjava/lang/Object;)Ljava/util/HashMap$Node; @ 126
Event: 5.011 Thread 0x00000000024b0800 Uncommon trap: reason=bimorphic action=maybe_recompile pc=0x0000000002846b50 method=java.util.HashMap.getNode(ILjava/lang/Object;)Ljava/util/HashMap$Node; @ 126
Event: 5.011 Thread 0x00000000024b0800 Uncommon trap: reason=bimorphic action=maybe_recompile pc=0x0000000002846b50 method=java.util.HashMap.getNode(ILjava/lang/Object;)Ljava/util/HashMap$Node; @ 126
Event: 5.011 Thread 0x00000000024b0800 Uncommon trap: reason=bimorphic action=maybe_recompile pc=0x0000000002846b50 method=java.util.HashMap.getNode(ILjava/lang/Object;)Ljava/util/HashMap$Node; @ 126
Event: 5.012 Thread 0x00000000024b0800 Uncommon trap: reason=bimorphic action=maybe_recompile pc=0x00000000027e21a0 method=java.util.HashMap.getNode(ILjava/lang/Object;)Ljava/util/HashMap$Node; @ 126
Event: 5.731 Thread 0x000000001675c000 Uncommon trap: reason=null_check action=make_not_entrant pc=0x00000000028c9120 method=com.android.dx.rop.type.Type.equals(Ljava/lang/Object;)Z @ 8

Internal exceptions (10 events):
Event: 4.157 Thread 0x0000000016676000 Exception <a 'java/security/PrivilegedActionException'> (0x00000000eb4f0220) thrown at [D:\re\workspace\8-2-build-windows-amd64-cygwin\jdk8u20\1074\hotspot\src\share\vm\prims\jvm.cpp, line 1275]
Event: 4.159 Thread 0x0000000016676000 Exception <a 'java/security/PrivilegedActionException'> (0x00000000eb4f53a0) thrown at [D:\re\workspace\8-2-build-windows-amd64-cygwin\jdk8u20\1074\hotspot\src\share\vm\prims\jvm.cpp, line 1275]
Event: 4.166 Thread 0x0000000016676000 Exception <a 'java/security/PrivilegedActionException'> (0x00000000eb505be8) thrown at [D:\re\workspace\8-2-build-windows-amd64-cygwin\jdk8u20\1074\hotspot\src\share\vm\prims\jvm.cpp, line 1275]
Event: 4.175 Thread 0x000000001675c000 Exception <a 'java/security/PrivilegedActionException'> (0x00000000eb53d618) thrown at [D:\re\workspace\8-2-build-windows-amd64-cygwin\jdk8u20\1074\hotspot\src\share\vm\prims\jvm.cpp, line 1275]
Event: 4.203 Thread 0x000000001675c000 Exception <a 'java/security/PrivilegedActionException'> (0x00000000eb55bf90) thrown at [D:\re\workspace\8-2-build-windows-amd64-cygwin\jdk8u20\1074\hotspot\src\share\vm\prims\jvm.cpp, line 1275]
Event: 4.208 Thread 0x000000001675c000 Exception <a 'java/security/PrivilegedActionException'> (0x00000000eb568730) thrown at [D:\re\workspace\8-2-build-windows-amd64-cygwin\jdk8u20\1074\hotspot\src\share\vm\prims\jvm.cpp, line 1275]
Event: 4.326 Thread 0x0000000016761000 Exception <a 'java/security/PrivilegedActionException'> (0x00000000eb682258) thrown at [D:\re\workspace\8-2-build-windows-amd64-cygwin\jdk8u20\1074\hotspot\src\share\vm\prims\jvm.cpp, line 1275]
Event: 4.881 Thread 0x000000001675b000 Implicit null exception at 0x00000000028af0ee to 0x00000000028b140d
Event: 4.957 Thread 0x0000000016761000 Exception <a 'java/security/PrivilegedActionException'> (0x00000000eae15db8) thrown at [D:\re\workspace\8-2-build-windows-amd64-cygwin\jdk8u20\1074\hotspot\src\share\vm\prims\jvm.cpp, line 1275]
Event: 5.731 Thread 0x000000001675c000 Implicit null exception at 0x00000000028c9022 to 0x00000000028c9112

Events (10 events):
Event: 5.012 Thread 0x00000000024b0800 Uncommon trap: trap_request=0xffffffc6 fr.pc=0x00000000027e21a0
Event: 5.012 Thread 0x00000000024b0800 DEOPT PACKING pc=0x00000000027e21a0 sp=0x000000000241e380
Event: 5.012 Thread 0x00000000024b0800 DEOPT UNPACKING pc=0x00000000025f556a sp=0x000000000241e308 mode 2
Event: 5.587 Thread 0x0000000016761000 DEOPT PACKING pc=0x00000000028b99df sp=0x0000000016fee540
Event: 5.587 Thread 0x0000000016761000 DEOPT UNPACKING pc=0x00000000025f75bf sp=0x0000000016fee330 mode 0
Event: 5.644 Executing VM operation: ForceSafepoint
Event: 5.711 Executing VM operation: ForceSafepoint done
Event: 5.731 Thread 0x000000001675c000 Uncommon trap: trap_request=0xfffffff4 fr.pc=0x00000000028c9120
Event: 5.731 Thread 0x000000001675c000 DEOPT PACKING pc=0x00000000028c9120 sp=0x0000000016eee3e0
Event: 5.731 Thread 0x000000001675c000 DEOPT UNPACKING pc=0x00000000025f556a sp=0x0000000016eee368 mode 2


Dynamic libraries:
0x00007ff6cdf10000 - 0x00007ff6cdf44000 	F:\Java\jdk1.8.0_20\bin\java.exe
0x00007ffd1c160000 - 0x00007ffd1c321000 	C:\WINDOWS\SYSTEM32\ntdll.dll
0x00007ffd1a180000 - 0x00007ffd1a22d000 	C:\WINDOWS\system32\KERNEL32.DLL
0x00007ffd19170000 - 0x00007ffd19358000 	C:\WINDOWS\system32\KERNELBASE.dll
0x00007ffd1a6c0000 - 0x00007ffd1a767000 	C:\WINDOWS\system32\ADVAPI32.dll
0x00007ffd1bdf0000 - 0x00007ffd1be8d000 	C:\WINDOWS\system32\msvcrt.dll
0x00007ffd19560000 - 0x00007ffd195bb000 	C:\WINDOWS\system32\sechost.dll
0x00007ffd1bea0000 - 0x00007ffd1bfbc000 	C:\WINDOWS\system32\RPCRT4.dll
0x00007ffd19ac0000 - 0x00007ffd19c16000 	C:\WINDOWS\system32\USER32.dll
0x00007ffd1a230000 - 0x00007ffd1a3b6000 	C:\WINDOWS\system32\GDI32.dll
0x00007ffd12280000 - 0x00007ffd124f4000 	C:\WINDOWS\WinSxS\amd64_microsoft.windows.common-controls_6595b64144ccf1df_6.0.10586.0_none_8c15ae12515e1c22\COMCTL32.dll
0x00007ffd1a3c0000 - 0x00007ffd1a63d000 	C:\WINDOWS\system32\combase.dll
0x00007ffd194d0000 - 0x00007ffd1953a000 	C:\WINDOWS\system32\bcryptPrimitives.dll
0x00007ffd197d0000 - 0x00007ffd1980b000 	C:\WINDOWS\system32\IMM32.DLL
0x00007ffd18670000 - 0x00007ffd186a2000 	C:\Windows\system32\nvinitx.dll
0x00007ffd18660000 - 0x00007ffd1866a000 	C:\WINDOWS\SYSTEM32\VERSION.dll
0x0000000075d00000 - 0x0000000075dd2000 	F:\Java\jdk1.8.0_20\jre\bin\msvcr100.dll
0x0000000075e10000 - 0x0000000076668000 	F:\Java\jdk1.8.0_20\jre\bin\server\jvm.dll
0x00007ffd1bde0000 - 0x00007ffd1bde8000 	C:\WINDOWS\system32\PSAPI.DLL
0x00007ffd09f20000 - 0x00007ffd09f29000 	C:\WINDOWS\SYSTEM32\WSOCK32.dll
0x00007ffd1c030000 - 0x00007ffd1c09b000 	C:\WINDOWS\system32\WS2_32.dll
0x00007ffd167d0000 - 0x00007ffd167f3000 	C:\WINDOWS\SYSTEM32\WINMM.dll
0x00007ffd167a0000 - 0x00007ffd167cc000 	C:\WINDOWS\SYSTEM32\WINMMBASE.dll
0x00007ffd19120000 - 0x00007ffd19163000 	C:\WINDOWS\system32\cfgmgr32.dll
0x0000000077550000 - 0x000000007755f000 	F:\Java\jdk1.8.0_20\jre\bin\verify.dll
0x0000000077520000 - 0x0000000077548000 	F:\Java\jdk1.8.0_20\jre\bin\java.dll
0x0000000077500000 - 0x0000000077516000 	F:\Java\jdk1.8.0_20\jre\bin\zip.dll
0x00007ffd1a880000 - 0x00007ffd1bddc000 	C:\WINDOWS\system32\SHELL32.dll
0x00007ffd18ad0000 - 0x00007ffd19114000 	C:\WINDOWS\system32\windows.storage.dll
0x00007ffd1a660000 - 0x00007ffd1a6b2000 	C:\WINDOWS\system32\shlwapi.dll
0x00007ffd18780000 - 0x00007ffd1878f000 	C:\WINDOWS\system32\kernel.appcore.dll
0x00007ffd19410000 - 0x00007ffd194c5000 	C:\WINDOWS\system32\shcore.dll
0x00007ffd187c0000 - 0x00007ffd1880b000 	C:\WINDOWS\system32\powrprof.dll
0x00007ffd187a0000 - 0x00007ffd187b4000 	C:\WINDOWS\system32\profapi.dll
0x00007ffd12860000 - 0x00007ffd129ec000 	C:\WINDOWS\SYSTEM32\dbghelp.dll

VM Arguments:
jvm_args: -Djava.awt.headless=true -Xmx1024M -Dfile.encoding=GBK -Duser.country=CN -Duser.language=zh -Duser.variant 
java_command: com.android.dx.command.Main --dex --num-threads=4 --output F:\ASW1\app\build\intermediates\pre-dexed\debug\okio-1.7.0_172026e5f0753f4120cbf11966779e989e4a7583.jar F:\ASW1\app\libs\okio-1.7.0.jar
java_class_path (initial): F:\sdk\build-tools\23.0.2\lib\dx.jar
Launcher Type: SUN_STANDARD

Environment Variables:
JAVA_HOME=F:\Java\jdk1.8.0_20
CLASSPATH=.;F:\Java\jdk1.8.0_20\lib\dt.jar;F:\Java\jdk1.8.0_20\lib\tools.jar;
PATH=F:\Java\jdk1.8.0_20\bin;F:\Java\jdk1.8.0_20\jre\bin;C:\ProgramData\Oracle\Java\javapath;C:\Program Files\Broadcom\Broadcom 802.11 Network Adapter\Driver;C:\Program Files\Dell\DW WLAN Card;C:\Windows\system32;C:\Windows;C:\Windows\System32\Wbem;C:\Windows\System32\WindowsPowerShell\v1.0\;C:\WINDOWS\system32;C:\WINDOWS;C:\WINDOWS\System32\Wbem;C:\WINDOWS\System32\WindowsPowerShell\v1.0\;F:\Maven\bin;C:\Program Files (x86)\NVIDIA Corporation\PhysX\Common;D:\Bluetooth\Bluetooth Software\;D:\Bluetooth\Bluetooth Software\syswow64;
USERNAME=fjh
OS=Windows_NT
PROCESSOR_IDENTIFIER=Intel64 Family 6 Model 58 Stepping 9, GenuineIntel



---------------  S Y S T E M  ---------------

OS: Windows 8.1 , 64 bit Build 9600 

CPU:total 4 (2 cores per cpu, 2 threads per core) family 6 model 58 stepping 9, cmov, cx8, fxsr, mmx, sse, sse2, sse3, ssse3, sse4.1, sse4.2, popcnt, avx, clmul, erms, ht, tsc, tscinvbit, tscinv

Memory: 4k page, physical 4060296k(266080k free), swap 12099040k(3160k free)

vm_info: Java HotSpot(TM) 64-Bit Server VM (25.20-b23) for windows-amd64 JRE (1.8.0_20-b26), built on Jul 30 2014 13:51:23 by "java_re" with MS VC++ 10.0 (VS2010)

time: Fri Jun 03 04:51:41 2016
elapsed time: 5 seconds (0d 0h 0m 5s)

