#
# There is insufficient memory for the Java Runtime Environment to continue.
# Native memory allocation (malloc) failed to allocate 1048576 bytes for AllocateHeap
# Possible reasons:
#   The system is out of physical RAM or swap space
#   In 32 bit mode, the process size limit was hit
# Possible solutions:
#   Reduce memory load on the system
#   Increase physical memory or swap space
#   Check if swap backing store is full
#   Use 64 bit Java on a 64 bit OS
#   Decrease Java heap size (-Xmx/-Xms)
#   Decrease number of Java threads
#   Decrease Java thread stack sizes (-Xss)
#   Set larger code cache with -XX:ReservedCodeCacheSize=
# This output file may be truncated or incomplete.
#
#  Out of Memory Error (memory/allocation.inline.hpp:62), pid=14236, tid=12368
#
# JRE version:  (8.0_20-b26) (build )
# Java VM: Java HotSpot(TM) 64-Bit Server VM (25.20-b23 mixed mode windows-amd64 compressed oops)
# Failed to write core dump. Minidumps are not enabled by default on client versions of Windows
#

---------------  T H R E A D  ---------------

Current thread (0x0000000002480800):  JavaThread "Unknown thread" [_thread_in_vm, id=12368, stack(0x0000000001e90000,0x0000000001f90000)]

Stack: [0x0000000001e90000,0x0000000001f90000]
Native frames: (J=compiled Java code, j=interpreted, Vv=VM code, C=native code)
V  [jvm.dll+0x3152fa]
V  [jvm.dll+0x265d03]
V  [jvm.dll+0x266943]
V  [jvm.dll+0x25e265]
V  [jvm.dll+0x3ddc3f]
V  [jvm.dll+0x3de73f]
V  [jvm.dll+0x3de854]
V  [jvm.dll+0x3dea23]
V  [jvm.dll+0xe4472]
V  [jvm.dll+0x1f8a09]
V  [jvm.dll+0x229fc4]
V  [jvm.dll+0x14c6f1]
C  [java.exe+0x20b6]
C  [java.exe+0xc9bb]
C  [java.exe+0xca4f]
C  [KERNEL32.DLL+0x18102]
C  [ntdll.dll+0x5c5b4]


---------------  P R O C E S S  ---------------

Java Threads: ( => current thread )

Other Threads:

=>0x0000000002480800 (exited) JavaThread "Unknown thread" [_thread_in_vm, id=12368, stack(0x0000000001e90000,0x0000000001f90000)]

VM state:not at safepoint (normal execution)

VM Mutex/Monitor currently owned by a thread: None

Heap:
 PSYoungGen      total 18432K, used 317K [0x00000000eab00000, 0x00000000ebf80000, 0x0000000100000000)
  eden space 15872K, 2% used [0x00000000eab00000,0x00000000eab4f5d0,0x00000000eba80000)
  from space 2560K, 0% used [0x00000000ebd00000,0x00000000ebd00000,0x00000000ebf80000)
  to   space 2560K, 0% used [0x00000000eba80000,0x00000000eba80000,0x00000000ebd00000)
 ParOldGen       total 42496K, used 0K [0x00000000c0000000, 0x00000000c2980000, 0x00000000eab00000)
  object space 42496K, 0% used [0x00000000c0000000,0x00000000c0000000,0x00000000c2980000)
 Metaspace       used 674K, capacity 4480K, committed 4480K, reserved 1056768K
  class space    used 66K, capacity 384K, committed 384K, reserved 1048576K

Card table byte_map: [0x0000000011940000,0x0000000011b50000] byte_map_base: 0x0000000011340000

Marking Bits: (ParMarkBitMap*) 0x00000000765eb460
 Begin Bits: [0x00000000120b0000, 0x00000000130b0000)
 End Bits:   [0x00000000130b0000, 0x00000000140b0000)

Polling page: 0x0000000000710000

CodeCache: size=245760Kb used=327Kb max_used=327Kb free=245432Kb
 bounds [0x0000000002580000, 0x00000000027f0000, 0x0000000011580000]
 total_blobs=56 nmethods=0 adapters=37
 compilation: enabled

Compilation events (0 events):
No events

GC Heap History (0 events):
No events

Deoptimization events (0 events):
No events

Internal exceptions (0 events):
No events

Events (10 events):
Event: 0.067 loading class java/lang/Short
Event: 0.067 loading class java/lang/Short done
Event: 0.067 loading class java/lang/Integer
Event: 0.068 loading class java/lang/Integer done
Event: 0.068 loading class java/lang/Long
Event: 0.069 loading class java/lang/Long done
Event: 0.071 loading class java/lang/NullPointerException
Event: 0.071 loading class java/lang/NullPointerException done
Event: 0.071 loading class java/lang/ArithmeticException
Event: 0.071 loading class java/lang/ArithmeticException done


Dynamic libraries:
0x00007ff6cdf10000 - 0x00007ff6cdf44000 	F:\Java\jdk1.8.0_20\bin\java.exe
0x00007ffd1c160000 - 0x00007ffd1c321000 	C:\WINDOWS\SYSTEM32\ntdll.dll
0x00007ffd1a180000 - 0x00007ffd1a22d000 	C:\WINDOWS\system32\KERNEL32.DLL
0x00007ffd19170000 - 0x00007ffd19358000 	C:\WINDOWS\system32\KERNELBASE.dll
0x00007ffd1a6c0000 - 0x00007ffd1a767000 	C:\WINDOWS\system32\ADVAPI32.dll
0x00007ffd1bdf0000 - 0x00007ffd1be8d000 	C:\WINDOWS\system32\msvcrt.dll
0x00007ffd19560000 - 0x00007ffd195bb000 	C:\WINDOWS\system32\sechost.dll
0x00007ffd1bea0000 - 0x00007ffd1bfbc000 	C:\WINDOWS\system32\RPCRT4.dll
0x00007ffd19ac0000 - 0x00007ffd19c16000 	C:\WINDOWS\system32\USER32.dll
0x00007ffd1a230000 - 0x00007ffd1a3b6000 	C:\WINDOWS\system32\GDI32.dll
0x00007ffd12280000 - 0x00007ffd124f4000 	C:\WINDOWS\WinSxS\amd64_microsoft.windows.common-controls_6595b64144ccf1df_6.0.10586.0_none_8c15ae12515e1c22\COMCTL32.dll
0x00007ffd1a3c0000 - 0x00007ffd1a63d000 	C:\WINDOWS\system32\combase.dll
0x00007ffd194d0000 - 0x00007ffd1953a000 	C:\WINDOWS\system32\bcryptPrimitives.dll
0x00007ffd197d0000 - 0x00007ffd1980b000 	C:\WINDOWS\system32\IMM32.DLL
0x00007ffd18670000 - 0x00007ffd186a2000 	C:\Windows\system32\nvinitx.dll
0x00007ffd18660000 - 0x00007ffd1866a000 	C:\WINDOWS\SYSTEM32\VERSION.dll
0x0000000075d00000 - 0x0000000075dd2000 	F:\Java\jdk1.8.0_20\jre\bin\msvcr100.dll
0x0000000075e10000 - 0x0000000076668000 	F:\Java\jdk1.8.0_20\jre\bin\server\jvm.dll
0x00007ffd1bde0000 - 0x00007ffd1bde8000 	C:\WINDOWS\system32\PSAPI.DLL
0x00007ffd09f20000 - 0x00007ffd09f29000 	C:\WINDOWS\SYSTEM32\WSOCK32.dll
0x00007ffd1c030000 - 0x00007ffd1c09b000 	C:\WINDOWS\system32\WS2_32.dll
0x00007ffd167d0000 - 0x00007ffd167f3000 	C:\WINDOWS\SYSTEM32\WINMM.dll
0x00007ffd167a0000 - 0x00007ffd167cc000 	C:\WINDOWS\SYSTEM32\WINMMBASE.dll
0x00007ffd19120000 - 0x00007ffd19163000 	C:\WINDOWS\system32\cfgmgr32.dll
0x0000000077550000 - 0x000000007755f000 	F:\Java\jdk1.8.0_20\jre\bin\verify.dll
0x0000000077520000 - 0x0000000077548000 	F:\Java\jdk1.8.0_20\jre\bin\java.dll
0x0000000077500000 - 0x0000000077516000 	F:\Java\jdk1.8.0_20\jre\bin\zip.dll
0x00007ffd12860000 - 0x00007ffd129ec000 	C:\WINDOWS\SYSTEM32\dbghelp.dll

VM Arguments:
jvm_args: -Djava.awt.headless=true -Xmx1024M -Dfile.encoding=GBK -Duser.country=CN -Duser.language=zh -Duser.variant 
java_command: com.android.dx.command.Main --dex --num-threads=4 --output F:\ASW1\app\build\intermediates\pre-dexed\debug\com.android.support-appcompat-v7-22.2.1_238adf153bd933ec5a3336bede04a2a529692e8a.jar F:\ASW1\app\build\intermediates\exploded-aar\com.android.support\appcompat-v7\22.2.1\jars\classes.jar
java_class_path (initial): F:\sdk\build-tools\23.0.2\lib\dx.jar
Launcher Type: SUN_STANDARD

Environment Variables:
JAVA_HOME=F:\Java\jdk1.8.0_20
CLASSPATH=.;F:\Java\jdk1.8.0_20\lib\dt.jar;F:\Java\jdk1.8.0_20\lib\tools.jar;
PATH=F:\Java\jdk1.8.0_20\bin;F:\Java\jdk1.8.0_20\jre\bin;C:\ProgramData\Oracle\Java\javapath;C:\Program Files\Broadcom\Broadcom 802.11 Network Adapter\Driver;C:\Program Files\Dell\DW WLAN Card;C:\Windows\system32;C:\Windows;C:\Windows\System32\Wbem;C:\Windows\System32\WindowsPowerShell\v1.0\;C:\WINDOWS\system32;C:\WINDOWS;C:\WINDOWS\System32\Wbem;C:\WINDOWS\System32\WindowsPowerShell\v1.0\;F:\Maven\bin;C:\Program Files (x86)\NVIDIA Corporation\PhysX\Common;D:\Bluetooth\Bluetooth Software\;D:\Bluetooth\Bluetooth Software\syswow64;
USERNAME=fjh
OS=Windows_NT
PROCESSOR_IDENTIFIER=Intel64 Family 6 Model 58 Stepping 9, GenuineIntel



---------------  S Y S T E M  ---------------

OS: Windows 8.1 , 64 bit Build 9600 

CPU:total 4 (2 cores per cpu, 2 threads per core) family 6 model 58 stepping 9, cmov, cx8, fxsr, mmx, sse, sse2, sse3, ssse3, sse4.1, sse4.2, popcnt, avx, clmul, erms, ht, tsc, tscinvbit, tscinv

Memory: 4k page, physical 4060296k(565496k free), swap 12099040k(367912k free)

vm_info: Java HotSpot(TM) 64-Bit Server VM (25.20-b23) for windows-amd64 JRE (1.8.0_20-b26), built on Jul 30 2014 13:51:23 by "java_re" with MS VC++ 10.0 (VS2010)

time: Fri Jun 03 04:51:53 2016
elapsed time: 0 seconds (0d 0h 0m 0s)

