#
# There is insufficient memory for the Java Runtime Environment to continue.
# Native memory allocation (malloc) failed to allocate 509616 bytes for Chunk::new
# Possible reasons:
#   The system is out of physical RAM or swap space
#   In 32 bit mode, the process size limit was hit
# Possible solutions:
#   Reduce memory load on the system
#   Increase physical memory or swap space
#   Check if swap backing store is full
#   Use 64 bit Java on a 64 bit OS
#   Decrease Java heap size (-Xmx/-Xms)
#   Decrease number of Java threads
#   Decrease Java thread stack sizes (-Xss)
#   Set larger code cache with -XX:ReservedCodeCacheSize=
# This output file may be truncated or incomplete.
#
#  Out of Memory Error (allocation.cpp:390), pid=8104, tid=3264
#
# JRE version: Java(TM) SE Runtime Environment (8.0_20-b26) (build 1.8.0_20-b26)
# Java VM: Java HotSpot(TM) 64-Bit Server VM (25.20-b23 mixed mode windows-amd64 compressed oops)
# Failed to write core dump. Minidumps are not enabled by default on client versions of Windows
#

---------------  T H R E A D  ---------------

Current thread (0x0000000014e0c000):  JavaThread "C2 CompilerThread1" daemon [_thread_in_native, id=3264, stack(0x0000000016400000,0x0000000016500000)]

Stack: [0x0000000016400000,0x0000000016500000]
Native frames: (J=compiled Java code, j=interpreted, Vv=VM code, C=native code)
V  [jvm.dll+0x3152fa]
V  [jvm.dll+0x265d03]
V  [jvm.dll+0x266943]
V  [jvm.dll+0x25e265]
V  [jvm.dll+0xbe255]
V  [jvm.dll+0xbe6fc]
V  [jvm.dll+0x45c472]
V  [jvm.dll+0x49d76f]
V  [jvm.dll+0x4512bf]
V  [jvm.dll+0x452634]
V  [jvm.dll+0x435fc2]
V  [jvm.dll+0x97b62]
V  [jvm.dll+0x98353]
V  [jvm.dll+0x22aac4]
V  [jvm.dll+0x283f5a]
C  [msvcr100.dll+0x21d9f]
C  [msvcr100.dll+0x21e3b]
C  [KERNEL32.DLL+0x18102]
C  [ntdll.dll+0x5c5b4]


Current CompileTask:
C2:  12975 1271       4       com.android.dx.ssa.SCCP::simulatePhi (169 bytes)


---------------  P R O C E S S  ---------------

Java Threads: ( => current thread )
  0x000000001671b000 JavaThread "pool-1-thread-4" [_thread_in_Java, id=13648, stack(0x0000000017000000,0x0000000017100000)]
  0x0000000016719800 JavaThread "pool-1-thread-3" [_thread_in_Java, id=13688, stack(0x0000000016f00000,0x0000000017000000)]
  0x0000000016719000 JavaThread "pool-1-thread-2" [_thread_blocked, id=13652, stack(0x0000000016e00000,0x0000000016f00000)]
  0x0000000016718000 JavaThread "pool-2-thread-1" [_thread_blocked, id=13692, stack(0x0000000016d00000,0x0000000016e00000)]
  0x0000000016713800 JavaThread "pool-1-thread-1" [_thread_in_Java, id=13492, stack(0x0000000016c00000,0x0000000016d00000)]
  0x0000000016557000 JavaThread "Service Thread" daemon [_thread_blocked, id=968, stack(0x0000000016a00000,0x0000000016b00000)]
  0x000000001654e800 JavaThread "C1 CompilerThread2" daemon [_thread_blocked, id=12616, stack(0x0000000016900000,0x0000000016a00000)]
=>0x0000000014e0c000 JavaThread "C2 CompilerThread1" daemon [_thread_in_native, id=3264, stack(0x0000000016400000,0x0000000016500000)]
  0x0000000014e09800 JavaThread "C2 CompilerThread0" daemon [_thread_in_native, id=11020, stack(0x0000000016300000,0x0000000016400000)]
  0x0000000014dbe000 JavaThread "Attach Listener" daemon [_thread_blocked, id=1220, stack(0x0000000016200000,0x0000000016300000)]
  0x0000000014dbd000 JavaThread "Signal Dispatcher" daemon [_thread_blocked, id=3332, stack(0x0000000016100000,0x0000000016200000)]
  0x00000000026cd800 JavaThread "Finalizer" daemon [_thread_blocked, id=8912, stack(0x0000000016000000,0x0000000016100000)]
  0x00000000026ca800 JavaThread "Reference Handler" daemon [_thread_blocked, id=14096, stack(0x0000000015f00000,0x0000000016000000)]
  0x00000000025e0800 JavaThread "main" [_thread_blocked, id=13780, stack(0x0000000002420000,0x0000000002520000)]

Other Threads:
  0x0000000014d75800 VMThread [stack: 0x0000000015e00000,0x0000000015f00000] [id=14104]
  0x0000000016559800 WatcherThread [stack: 0x0000000016b00000,0x0000000016c00000] [id=6228]

VM state:not at safepoint (normal execution)

VM Mutex/Monitor currently owned by a thread: None

Heap:
 PSYoungGen      total 34304K, used 11139K [0x00000000eab00000, 0x00000000ecf00000, 0x0000000100000000)
  eden space 31744K, 27% used [0x00000000eab00000,0x00000000eb362e68,0x00000000eca00000)
  from space 2560K, 99% used [0x00000000ecc80000,0x00000000ecefe038,0x00000000ecf00000)
  to   space 2560K, 0% used [0x00000000eca00000,0x00000000eca00000,0x00000000ecc80000)
 ParOldGen       total 42496K, used 6012K [0x00000000c0000000, 0x00000000c2980000, 0x00000000eab00000)
  object space 42496K, 14% used [0x00000000c0000000,0x00000000c05df170,0x00000000c2980000)
 Metaspace       used 5957K, capacity 6896K, committed 7040K, reserved 1056768K
  class space    used 587K, capacity 616K, committed 640K, reserved 1048576K

Card table byte_map: [0x0000000011aa0000,0x0000000011cb0000] byte_map_base: 0x00000000114a0000

Marking Bits: (ParMarkBitMap*) 0x00000000765eb460
 Begin Bits: [0x0000000012210000, 0x0000000013210000)
 End Bits:   [0x0000000013210000, 0x0000000014210000)

Polling page: 0x0000000000450000

CodeCache: size=245760Kb used=5065Kb max_used=5065Kb free=240695Kb
 bounds [0x00000000026e0000, 0x0000000002be0000, 0x00000000116e0000]
 total_blobs=1533 nmethods=1268 adapters=179
 compilation: enabled

Compilation events (10 events):
Event: 11.175 Thread 0x000000001654e800 nmethod 1279 0x0000000002bca550 code [0x0000000002bca860, 0x0000000002bcc3b8]
Event: 11.179 Thread 0x0000000014e09800 nmethod 1268 0x0000000002bcf3d0 code [0x0000000002bcf620, 0x0000000002bd0020]
Event: 11.179 Thread 0x0000000014e09800 1278       4       com.android.dx.ssa.SsaMethod::isRegALocal (90 bytes)
Event: 12.938 Thread 0x000000001654e800 1282       1       com.android.dx.rop.code.Insn$BaseVisitor::visitPlainInsn (1 bytes)
Event: 12.938 Thread 0x000000001654e800 nmethod 1282 0x0000000002b9f110 code [0x0000000002b9f260, 0x0000000002b9f370]
Event: 12.939 Thread 0x000000001654e800 1283       3       com.android.dx.ssa.SsaMethod::onSourceChanged (65 bytes)
Event: 12.940 Thread 0x000000001654e800 nmethod 1283 0x0000000002bc6f90 code [0x0000000002bc7160, 0x0000000002bc79d8]
Event: 12.940 Thread 0x000000001654e800 1284       3       com.android.dx.rop.type.Type::isReference (15 bytes)
Event: 12.940 Thread 0x000000001654e800 nmethod 1284 0x0000000002bad2d0 code [0x0000000002bad420, 0x0000000002bad5d0]
Event: 12.940 Thread 0x000000001654e800 1286       3       com.android.dx.ssa.SsaBasicBlock::addMoveToEnd (172 bytes)

GC Heap History (4 events):
Event: 5.675 GC heap before
{Heap before GC invocations=1 (full 0):
 PSYoungGen      total 18432K, used 15872K [0x00000000eab00000, 0x00000000ebf80000, 0x0000000100000000)
  eden space 15872K, 100% used [0x00000000eab00000,0x00000000eba80000,0x00000000eba80000)
  from space 2560K, 0% used [0x00000000ebd00000,0x00000000ebd00000,0x00000000ebf80000)
  to   space 2560K, 0% used [0x00000000eba80000,0x00000000eba80000,0x00000000ebd00000)
 ParOldGen       total 42496K, used 0K [0x00000000c0000000, 0x00000000c2980000, 0x00000000eab00000)
  object space 42496K, 0% used [0x00000000c0000000,0x00000000c0000000,0x00000000c2980000)
 Metaspace       used 5750K, capacity 6704K, committed 6784K, reserved 1056768K
  class space    used 585K, capacity 616K, committed 640K, reserved 1048576K
Event: 6.825 GC heap after
Heap after GC invocations=1 (full 0):
 PSYoungGen      total 18432K, used 2543K [0x00000000eab00000, 0x00000000ecf00000, 0x0000000100000000)
  eden space 15872K, 0% used [0x00000000eab00000,0x00000000eab00000,0x00000000eba80000)
  from space 2560K, 99% used [0x00000000eba80000,0x00000000ebcfbc88,0x00000000ebd00000)
  to   space 2560K, 0% used [0x00000000ecc80000,0x00000000ecc80000,0x00000000ecf00000)
 ParOldGen       total 42496K, used 1598K [0x00000000c0000000, 0x00000000c2980000, 0x00000000eab00000)
  object space 42496K, 3% used [0x00000000c0000000,0x00000000c018fbd0,0x00000000c2980000)
 Metaspace       used 5750K, capacity 6704K, committed 6784K, reserved 1056768K
  class space    used 585K, capacity 616K, committed 640K, reserved 1048576K
}
Event: 11.780 GC heap before
{Heap before GC invocations=2 (full 0):
 PSYoungGen      total 18432K, used 18415K [0x00000000eab00000, 0x00000000ecf00000, 0x0000000100000000)
  eden space 15872K, 100% used [0x00000000eab00000,0x00000000eba80000,0x00000000eba80000)
  from space 2560K, 99% used [0x00000000eba80000,0x00000000ebcfbc88,0x00000000ebd00000)
  to   space 2560K, 0% used [0x00000000ecc80000,0x00000000ecc80000,0x00000000ecf00000)
 ParOldGen       total 42496K, used 1598K [0x00000000c0000000, 0x00000000c2980000, 0x00000000eab00000)
  object space 42496K, 3% used [0x00000000c0000000,0x00000000c018fbd0,0x00000000c2980000)
 Metaspace       used 5952K, capacity 6896K, committed 7040K, reserved 1056768K
  class space    used 587K, capacity 616K, committed 640K, reserved 1048576K
Event: 12.938 GC heap after
Heap after GC invocations=2 (full 0):
 PSYoungGen      total 34304K, used 2552K [0x00000000eab00000, 0x00000000ecf00000, 0x0000000100000000)
  eden space 31744K, 0% used [0x00000000eab00000,0x00000000eab00000,0x00000000eca00000)
  from space 2560K, 99% used [0x00000000ecc80000,0x00000000ecefe038,0x00000000ecf00000)
  to   space 2560K, 0% used [0x00000000eca00000,0x00000000eca00000,0x00000000ecc80000)
 ParOldGen       total 42496K, used 6012K [0x00000000c0000000, 0x00000000c2980000, 0x00000000eab00000)
  object space 42496K, 14% used [0x00000000c0000000,0x00000000c05df170,0x00000000c2980000)
 Metaspace       used 5952K, capacity 6896K, committed 7040K, reserved 1056768K
  class space    used 587K, capacity 616K, committed 640K, reserved 1048576K
}

Deoptimization events (10 events):
Event: 9.001 Thread 0x0000000016719000 Uncommon trap: reason=class_check action=maybe_recompile pc=0x0000000002909970 method=com.android.dx.ssa.NormalSsaInsn.accept(Lcom/android/dx/ssa/SsaInsn$Visitor;)V @ 9
Event: 9.001 Thread 0x0000000016719000 Uncommon trap: reason=class_check action=maybe_recompile pc=0x0000000002909970 method=com.android.dx.ssa.NormalSsaInsn.accept(Lcom/android/dx/ssa/SsaInsn$Visitor;)V @ 9
Event: 9.001 Thread 0x0000000016719000 Uncommon trap: reason=class_check action=maybe_recompile pc=0x000000000297acc4 method=com.android.dx.ssa.NormalSsaInsn.accept(Lcom/android/dx/ssa/SsaInsn$Visitor;)V @ 9
Event: 9.002 Thread 0x0000000016719000 Uncommon trap: reason=class_check action=maybe_recompile pc=0x0000000002909970 method=com.android.dx.ssa.NormalSsaInsn.accept(Lcom/android/dx/ssa/SsaInsn$Visitor;)V @ 9
Event: 9.068 Thread 0x00000000025e0800 Uncommon trap: reason=bimorphic action=maybe_recompile pc=0x0000000002a478a4 method=com.android.dx.cf.code.Merger.mergeType(Lcom/android/dx/rop/type/TypeBearer;Lcom/android/dx/rop/type/TypeBearer;)Lcom/android/dx/rop/type/TypeBearer; @ 21
Event: 9.099 Thread 0x0000000016719000 Uncommon trap: reason=bimorphic action=maybe_recompile pc=0x0000000002b80e88 method=com.android.dx.cf.code.BytecodeArray.parseInstruction(ILcom/android/dx/cf/code/BytecodeArray$Visitor;)I @ 939
Event: 9.099 Thread 0x0000000016719000 Uncommon trap: reason=bimorphic action=maybe_recompile pc=0x0000000002b80d88 method=com.android.dx.cf.code.BytecodeArray.parseInstruction(ILcom/android/dx/cf/code/BytecodeArray$Visitor;)I @ 907
Event: 9.099 Thread 0x0000000016719000 Uncommon trap: reason=bimorphic action=maybe_recompile pc=0x0000000002b8167c method=com.android.dx.cf.code.BytecodeArray.parseInstruction(ILcom/android/dx/cf/code/BytecodeArray$Visitor;)I @ 1387
Event: 9.100 Thread 0x0000000016719000 Uncommon trap: reason=bimorphic action=maybe_recompile pc=0x0000000002b81150 method=com.android.dx.cf.code.BytecodeArray.parseInstruction(ILcom/android/dx/cf/code/BytecodeArray$Visitor;)I @ 1130
Event: 9.100 Thread 0x0000000016719000 Uncommon trap: reason=bimorphic action=maybe_recompile pc=0x0000000002b80d88 method=com.android.dx.cf.code.BytecodeArray.parseInstruction(ILcom/android/dx/cf/code/BytecodeArray$Visitor;)I @ 907

Internal exceptions (10 events):
Event: 3.651 Thread 0x0000000016713800 Exception <a 'java/security/PrivilegedActionException'> (0x00000000eb50e230) thrown at [D:\re\workspace\8-2-build-windows-amd64-cygwin\jdk8u20\1074\hotspot\src\share\vm\prims\jvm.cpp, line 1275]
Event: 3.652 Thread 0x0000000016713800 Exception <a 'java/security/PrivilegedActionException'> (0x00000000eb510f38) thrown at [D:\re\workspace\8-2-build-windows-amd64-cygwin\jdk8u20\1074\hotspot\src\share\vm\prims\jvm.cpp, line 1275]
Event: 3.700 Thread 0x000000001671b000 Exception <a 'java/security/PrivilegedActionException'> (0x00000000eb63b370) thrown at [D:\re\workspace\8-2-build-windows-amd64-cygwin\jdk8u20\1074\hotspot\src\share\vm\prims\jvm.cpp, line 1275]
Event: 3.702 Thread 0x000000001671b000 Exception <a 'java/security/PrivilegedActionException'> (0x00000000eb6419b0) thrown at [D:\re\workspace\8-2-build-windows-amd64-cygwin\jdk8u20\1074\hotspot\src\share\vm\prims\jvm.cpp, line 1275]
Event: 3.716 Thread 0x00000000025e0800 Exception <a 'java/security/PrivilegedActionException'> (0x00000000eb5b6b08) thrown at [D:\re\workspace\8-2-build-windows-amd64-cygwin\jdk8u20\1074\hotspot\src\share\vm\prims\jvm.cpp, line 1275]
Event: 3.720 Thread 0x0000000016719800 Exception <a 'java/security/PrivilegedActionException'> (0x00000000eb6822b8) thrown at [D:\re\workspace\8-2-build-windows-amd64-cygwin\jdk8u20\1074\hotspot\src\share\vm\prims\jvm.cpp, line 1275]
Event: 4.591 Thread 0x000000001671b000 Exception <a 'java/security/PrivilegedActionException'> (0x00000000eb8c37b0) thrown at [D:\re\workspace\8-2-build-windows-amd64-cygwin\jdk8u20\1074\hotspot\src\share\vm\prims\jvm.cpp, line 1275]
Event: 4.649 Thread 0x0000000016719800 Exception <a 'java/security/PrivilegedActionException'> (0x00000000eb99dcb8) thrown at [D:\re\workspace\8-2-build-windows-amd64-cygwin\jdk8u20\1074\hotspot\src\share\vm\prims\jvm.cpp, line 1275]
Event: 6.845 Thread 0x000000001671b000 Implicit null exception at 0x00000000029f5662 to 0x00000000029f5752
Event: 8.558 Thread 0x00000000025e0800 Exception <a 'java/security/PrivilegedActionException'> (0x00000000eadc5b68) thrown at [D:\re\workspace\8-2-build-windows-amd64-cygwin\jdk8u20\1074\hotspot\src\share\vm\prims\jvm.cpp, line 1275]

Events (10 events):
Event: 9.099 Thread 0x0000000016719000 DEOPT PACKING pc=0x0000000002b8167c sp=0x0000000016efea40
Event: 9.099 Thread 0x0000000016719000 DEOPT UNPACKING pc=0x000000000272556a sp=0x0000000016efe9e0 mode 2
Event: 9.100 Thread 0x0000000016719000 Uncommon trap: trap_request=0xffffffc6 fr.pc=0x0000000002b81150
Event: 9.100 Thread 0x0000000016719000 DEOPT PACKING pc=0x0000000002b81150 sp=0x0000000016efea40
Event: 9.100 Thread 0x0000000016719000 DEOPT UNPACKING pc=0x000000000272556a sp=0x0000000016efe9e8 mode 2
Event: 9.100 Thread 0x0000000016719000 Uncommon trap: trap_request=0xffffffc6 fr.pc=0x0000000002b80d88
Event: 9.100 Thread 0x0000000016719000 DEOPT PACKING pc=0x0000000002b80d88 sp=0x0000000016efea40
Event: 9.100 Thread 0x0000000016719000 DEOPT UNPACKING pc=0x000000000272556a sp=0x0000000016efe9e8 mode 2
Event: 11.193 Executing VM operation: ParallelGCFailedAllocation
Event: 12.938 Executing VM operation: ParallelGCFailedAllocation done


Dynamic libraries:
0x00007ff6cdf10000 - 0x00007ff6cdf44000 	F:\Java\jdk1.8.0_20\bin\java.exe
0x00007ffd1c160000 - 0x00007ffd1c321000 	C:\WINDOWS\SYSTEM32\ntdll.dll
0x00007ffd1a180000 - 0x00007ffd1a22d000 	C:\WINDOWS\system32\KERNEL32.DLL
0x00007ffd19170000 - 0x00007ffd19358000 	C:\WINDOWS\system32\KERNELBASE.dll
0x00007ffd1a6c0000 - 0x00007ffd1a767000 	C:\WINDOWS\system32\ADVAPI32.dll
0x00007ffd1bdf0000 - 0x00007ffd1be8d000 	C:\WINDOWS\system32\msvcrt.dll
0x00007ffd19560000 - 0x00007ffd195bb000 	C:\WINDOWS\system32\sechost.dll
0x00007ffd1bea0000 - 0x00007ffd1bfbc000 	C:\WINDOWS\system32\RPCRT4.dll
0x00007ffd19ac0000 - 0x00007ffd19c16000 	C:\WINDOWS\system32\USER32.dll
0x00007ffd1a230000 - 0x00007ffd1a3b6000 	C:\WINDOWS\system32\GDI32.dll
0x00007ffd12280000 - 0x00007ffd124f4000 	C:\WINDOWS\WinSxS\amd64_microsoft.windows.common-controls_6595b64144ccf1df_6.0.10586.0_none_8c15ae12515e1c22\COMCTL32.dll
0x00007ffd1a3c0000 - 0x00007ffd1a63d000 	C:\WINDOWS\system32\combase.dll
0x00007ffd194d0000 - 0x00007ffd1953a000 	C:\WINDOWS\system32\bcryptPrimitives.dll
0x00007ffd197d0000 - 0x00007ffd1980b000 	C:\WINDOWS\system32\IMM32.DLL
0x00007ffd18670000 - 0x00007ffd186a2000 	C:\Windows\system32\nvinitx.dll
0x00007ffd18660000 - 0x00007ffd1866a000 	C:\WINDOWS\SYSTEM32\VERSION.dll
0x0000000075d00000 - 0x0000000075dd2000 	F:\Java\jdk1.8.0_20\jre\bin\msvcr100.dll
0x0000000075e10000 - 0x0000000076668000 	F:\Java\jdk1.8.0_20\jre\bin\server\jvm.dll
0x00007ffd1bde0000 - 0x00007ffd1bde8000 	C:\WINDOWS\system32\PSAPI.DLL
0x00007ffd09f20000 - 0x00007ffd09f29000 	C:\WINDOWS\SYSTEM32\WSOCK32.dll
0x00007ffd1c030000 - 0x00007ffd1c09b000 	C:\WINDOWS\system32\WS2_32.dll
0x00007ffd167d0000 - 0x00007ffd167f3000 	C:\WINDOWS\SYSTEM32\WINMM.dll
0x00007ffd167a0000 - 0x00007ffd167cc000 	C:\WINDOWS\SYSTEM32\WINMMBASE.dll
0x00007ffd19120000 - 0x00007ffd19163000 	C:\WINDOWS\system32\cfgmgr32.dll
0x0000000077550000 - 0x000000007755f000 	F:\Java\jdk1.8.0_20\jre\bin\verify.dll
0x0000000077520000 - 0x0000000077548000 	F:\Java\jdk1.8.0_20\jre\bin\java.dll
0x0000000077500000 - 0x0000000077516000 	F:\Java\jdk1.8.0_20\jre\bin\zip.dll
0x00007ffd1a880000 - 0x00007ffd1bddc000 	C:\WINDOWS\system32\SHELL32.dll
0x00007ffd18ad0000 - 0x00007ffd19114000 	C:\WINDOWS\system32\windows.storage.dll
0x00007ffd1a660000 - 0x00007ffd1a6b2000 	C:\WINDOWS\system32\shlwapi.dll
0x00007ffd18780000 - 0x00007ffd1878f000 	C:\WINDOWS\system32\kernel.appcore.dll
0x00007ffd19410000 - 0x00007ffd194c5000 	C:\WINDOWS\system32\shcore.dll
0x00007ffd187c0000 - 0x00007ffd1880b000 	C:\WINDOWS\system32\powrprof.dll
0x00007ffd187a0000 - 0x00007ffd187b4000 	C:\WINDOWS\system32\profapi.dll
0x00007ffd12860000 - 0x00007ffd129ec000 	C:\WINDOWS\SYSTEM32\dbghelp.dll

VM Arguments:
jvm_args: -Djava.awt.headless=true -Xmx1024M -Dfile.encoding=GBK -Duser.country=CN -Duser.language=zh -Duser.variant 
java_command: com.android.dx.command.Main --dex --num-threads=4 --output F:\ASW1\app\build\intermediates\pre-dexed\debug\Bmob_Push_V0.9beta_20160520_8055fb7364ae1bde4c7e8af16ca64c42364ee5af.jar F:\ASW1\app\libs\Bmob_Push_V0.9beta_20160520.jar
java_class_path (initial): F:\sdk\build-tools\23.0.2\lib\dx.jar
Launcher Type: SUN_STANDARD

Environment Variables:
JAVA_HOME=F:\Java\jdk1.8.0_20
CLASSPATH=.;F:\Java\jdk1.8.0_20\lib\dt.jar;F:\Java\jdk1.8.0_20\lib\tools.jar;
PATH=F:\Java\jdk1.8.0_20\bin;F:\Java\jdk1.8.0_20\jre\bin;C:\ProgramData\Oracle\Java\javapath;C:\Program Files\Broadcom\Broadcom 802.11 Network Adapter\Driver;C:\Program Files\Dell\DW WLAN Card;C:\Windows\system32;C:\Windows;C:\Windows\System32\Wbem;C:\Windows\System32\WindowsPowerShell\v1.0\;C:\WINDOWS\system32;C:\WINDOWS;C:\WINDOWS\System32\Wbem;C:\WINDOWS\System32\WindowsPowerShell\v1.0\;F:\Maven\bin;C:\Program Files (x86)\NVIDIA Corporation\PhysX\Common;D:\Bluetooth\Bluetooth Software\;D:\Bluetooth\Bluetooth Software\syswow64;
USERNAME=fjh
OS=Windows_NT
PROCESSOR_IDENTIFIER=Intel64 Family 6 Model 58 Stepping 9, GenuineIntel



---------------  S Y S T E M  ---------------

OS: Windows 8.1 , 64 bit Build 9600 

CPU:total 4 (2 cores per cpu, 2 threads per core) family 6 model 58 stepping 9, cmov, cx8, fxsr, mmx, sse, sse2, sse3, ssse3, sse4.1, sse4.2, popcnt, avx, clmul, erms, ht, tsc, tscinvbit, tscinv

Memory: 4k page, physical 4060296k(316400k free), swap 12099040k(2752k free)

vm_info: Java HotSpot(TM) 64-Bit Server VM (25.20-b23) for windows-amd64 JRE (1.8.0_20-b26), built on Jul 30 2014 13:51:23 by "java_re" with MS VC++ 10.0 (VS2010)

time: Fri Jun 03 04:50:57 2016
elapsed time: 12 seconds (0d 0h 0m 12s)

