#
# There is insufficient memory for the Java Runtime Environment to continue.
# Native memory allocation (malloc) failed to allocate 1603776 bytes for Chunk::new
# Possible reasons:
#   The system is out of physical RAM or swap space
#   In 32 bit mode, the process size limit was hit
# Possible solutions:
#   Reduce memory load on the system
#   Increase physical memory or swap space
#   Check if swap backing store is full
#   Use 64 bit Java on a 64 bit OS
#   Decrease Java heap size (-Xmx/-Xms)
#   Decrease number of Java threads
#   Decrease Java thread stack sizes (-Xss)
#   Set larger code cache with -XX:ReservedCodeCacheSize=
# This output file may be truncated or incomplete.
#
#  Out of Memory Error (allocation.cpp:390), pid=7524, tid=12956
#
# JRE version: Java(TM) SE Runtime Environment (8.0_20-b26) (build 1.8.0_20-b26)
# Java VM: Java HotSpot(TM) 64-Bit Server VM (25.20-b23 mixed mode windows-amd64 compressed oops)
# Failed to write core dump. Minidumps are not enabled by default on client versions of Windows
#

---------------  T H R E A D  ---------------

Current thread (0x0000000014d4c800):  JavaThread "C2 CompilerThread1" daemon [_thread_in_native, id=12956, stack(0x0000000016750000,0x0000000016850000)]

Stack: [0x0000000016750000,0x0000000016850000]
Native frames: (J=compiled Java code, j=interpreted, Vv=VM code, C=native code)
V  [jvm.dll+0x3152fa]
V  [jvm.dll+0x265d03]
V  [jvm.dll+0x266943]
V  [jvm.dll+0x25e265]
V  [jvm.dll+0xbe255]
V  [jvm.dll+0xbe6fc]
V  [jvm.dll+0x45c472]
V  [jvm.dll+0x49d76f]
V  [jvm.dll+0x451911]
V  [jvm.dll+0x452634]
V  [jvm.dll+0x435fc2]
V  [jvm.dll+0x97b62]
V  [jvm.dll+0x98353]
V  [jvm.dll+0x22aac4]
V  [jvm.dll+0x283f5a]
C  [msvcr100.dll+0x21d9f]
C  [msvcr100.dll+0x21e3b]
C  [KERNEL32.DLL+0x18102]
C  [ntdll.dll+0x5c5b4]


Current CompileTask:
C2:  13041 1765   !   4       com.android.dx.cf.code.BytecodeArray::parseInstruction (2764 bytes)


---------------  P R O C E S S  ---------------

Java Threads: ( => current thread )
  0x0000000017447000 JavaThread "pool-1-thread-4" [_thread_in_vm, id=8428, stack(0x0000000018720000,0x0000000018820000)]
  0x0000000017446000 JavaThread "pool-1-thread-3" [_thread_blocked, id=2592, stack(0x0000000018620000,0x0000000018720000)]
  0x0000000016fd5800 JavaThread "pool-1-thread-2" [_thread_blocked, id=11404, stack(0x0000000018520000,0x0000000018620000)]
  0x0000000016fd4800 JavaThread "pool-2-thread-1" [_thread_blocked, id=10660, stack(0x0000000018420000,0x0000000018520000)]
  0x0000000016630000 JavaThread "pool-1-thread-1" [_thread_blocked, id=12596, stack(0x0000000018320000,0x0000000018420000)]
  0x00000000163a4800 JavaThread "Service Thread" daemon [_thread_blocked, id=11912, stack(0x0000000016950000,0x0000000016a50000)]
  0x00000000163a2800 JavaThread "C1 CompilerThread2" daemon [_thread_blocked, id=972, stack(0x0000000016850000,0x0000000016950000)]
=>0x0000000014d4c800 JavaThread "C2 CompilerThread1" daemon [_thread_in_native, id=12956, stack(0x0000000016750000,0x0000000016850000)]
  0x0000000014cff800 JavaThread "C2 CompilerThread0" daemon [_thread_in_native, id=4588, stack(0x0000000016250000,0x0000000016350000)]
  0x0000000014cfe000 JavaThread "Attach Listener" daemon [_thread_blocked, id=7232, stack(0x0000000016150000,0x0000000016250000)]
  0x0000000014cfd000 JavaThread "Signal Dispatcher" daemon [_thread_blocked, id=6280, stack(0x0000000016050000,0x0000000016150000)]
  0x000000000260d800 JavaThread "Finalizer" daemon [_thread_blocked, id=14160, stack(0x0000000015f50000,0x0000000016050000)]
  0x000000000260a800 JavaThread "Reference Handler" daemon [_thread_blocked, id=6988, stack(0x0000000015e50000,0x0000000015f50000)]
  0x0000000002520800 JavaThread "main" [_thread_blocked, id=7788, stack(0x0000000002390000,0x0000000002490000)]

Other Threads:
  0x0000000014cb5800 VMThread [stack: 0x0000000015d50000,0x0000000015e50000] [id=14028]
  0x00000000163a7000 WatcherThread [stack: 0x0000000016a50000,0x0000000016b50000] [id=14108]

VM state:synchronizing (normal execution)

VM Mutex/Monitor currently owned by a thread:  ([mutex/lock_event])
[0x000000000251c730] Threads_lock - owner thread: 0x0000000014cb5800
[0x000000000251c530] Heap_lock - owner thread: 0x0000000017446000

Heap:
 PSYoungGen      total 34304K, used 34296K [0x00000000eab00000, 0x00000000eee00000, 0x0000000100000000)
  eden space 31744K, 100% used [0x00000000eab00000,0x00000000eca00000,0x00000000eca00000)
  from space 2560K, 99% used [0x00000000eca00000,0x00000000ecc7e028,0x00000000ecc80000)
  to   space 2560K, 0% used [0x00000000eeb80000,0x00000000eeb80000,0x00000000eee00000)
 ParOldGen       total 42496K, used 6774K [0x00000000c0000000, 0x00000000c2980000, 0x00000000eab00000)
  object space 42496K, 15% used [0x00000000c0000000,0x00000000c069dab0,0x00000000c2980000)
 Metaspace       used 6242K, capacity 7088K, committed 7296K, reserved 1056768K
  class space    used 589K, capacity 616K, committed 640K, reserved 1048576K

Card table byte_map: [0x00000000119e0000,0x0000000011bf0000] byte_map_base: 0x00000000113e0000

Marking Bits: (ParMarkBitMap*) 0x00000000765eb460
 Begin Bits: [0x0000000012150000, 0x0000000013150000)
 End Bits:   [0x0000000013150000, 0x0000000014150000)

Polling page: 0x0000000000710000

CodeCache: size=245760Kb used=7806Kb max_used=7806Kb free=237953Kb
 bounds [0x0000000002620000, 0x0000000002dd0000, 0x0000000011620000]
 total_blobs=2060 nmethods=1793 adapters=180
 compilation: enabled

Compilation events (10 events):
Event: 12.897 Thread 0x0000000014cff800 1773       4       com.android.dx.ssa.back.SsaToRop::convertInsns (53 bytes)
Event: 12.897 Thread 0x00000000163a2800 nmethod 1776 0x0000000002d75b10 code [0x0000000002d75c80, 0x0000000002d75fa8]
Event: 12.906 Thread 0x0000000014cff800 nmethod 1773 0x0000000002d750d0 code [0x0000000002d75240, 0x0000000002d75618]
Event: 12.906 Thread 0x0000000014cff800 1777       4       com.android.dx.ssa.SCCP::simulatePhi (169 bytes)
Event: 12.916 Thread 0x00000000163a2800 1779       1       com.android.dx.cf.attrib.AttInnerClasses::getInnerClasses (5 bytes)
Event: 12.916 Thread 0x00000000163a2800 nmethod 1779 0x0000000002d79610 code [0x0000000002d79760, 0x0000000002d79870]
Event: 12.918 Thread 0x00000000163a2800 1780   !   3       java.util.zip.ZipFile::getInflater (56 bytes)
Event: 12.919 Thread 0x00000000163a2800 nmethod 1780 0x0000000002d95190 code [0x0000000002d95380, 0x0000000002d95f38]
Event: 12.923 Thread 0x00000000163a2800 1781       3       java.util.ArrayDeque::poll (5 bytes)
Event: 12.924 Thread 0x00000000163a2800 nmethod 1781 0x0000000002d74d10 code [0x0000000002d74e80, 0x0000000002d75028]

GC Heap History (6 events):
Event: 1.084 GC heap before
{Heap before GC invocations=1 (full 0):
 PSYoungGen      total 18432K, used 15872K [0x00000000eab00000, 0x00000000ebf80000, 0x0000000100000000)
  eden space 15872K, 100% used [0x00000000eab00000,0x00000000eba80000,0x00000000eba80000)
  from space 2560K, 0% used [0x00000000ebd00000,0x00000000ebd00000,0x00000000ebf80000)
  to   space 2560K, 0% used [0x00000000eba80000,0x00000000eba80000,0x00000000ebd00000)
 ParOldGen       total 42496K, used 0K [0x00000000c0000000, 0x00000000c2980000, 0x00000000eab00000)
  object space 42496K, 0% used [0x00000000c0000000,0x00000000c0000000,0x00000000c2980000)
 Metaspace       used 3556K, capacity 4720K, committed 4864K, reserved 1056768K
  class space    used 377K, capacity 424K, committed 512K, reserved 1048576K
Event: 1.106 GC heap after
Heap after GC invocations=1 (full 0):
 PSYoungGen      total 18432K, used 1222K [0x00000000eab00000, 0x00000000ecf00000, 0x0000000100000000)
  eden space 15872K, 0% used [0x00000000eab00000,0x00000000eab00000,0x00000000eba80000)
  from space 2560K, 47% used [0x00000000eba80000,0x00000000ebbb19c0,0x00000000ebd00000)
  to   space 2560K, 0% used [0x00000000ecc80000,0x00000000ecc80000,0x00000000ecf00000)
 ParOldGen       total 42496K, used 8K [0x00000000c0000000, 0x00000000c2980000, 0x00000000eab00000)
  object space 42496K, 0% used [0x00000000c0000000,0x00000000c0002000,0x00000000c2980000)
 Metaspace       used 3556K, capacity 4720K, committed 4864K, reserved 1056768K
  class space    used 377K, capacity 424K, committed 512K, reserved 1048576K
}
Event: 3.407 GC heap before
{Heap before GC invocations=2 (full 0):
 PSYoungGen      total 18432K, used 17094K [0x00000000eab00000, 0x00000000ecf00000, 0x0000000100000000)
  eden space 15872K, 100% used [0x00000000eab00000,0x00000000eba80000,0x00000000eba80000)
  from space 2560K, 47% used [0x00000000eba80000,0x00000000ebbb19c0,0x00000000ebd00000)
  to   space 2560K, 0% used [0x00000000ecc80000,0x00000000ecc80000,0x00000000ecf00000)
 ParOldGen       total 42496K, used 8K [0x00000000c0000000, 0x00000000c2980000, 0x00000000eab00000)
  object space 42496K, 0% used [0x00000000c0000000,0x00000000c0002000,0x00000000c2980000)
 Metaspace       used 5824K, capacity 6768K, committed 7040K, reserved 1056768K
  class space    used 588K, capacity 616K, committed 640K, reserved 1048576K
Event: 3.952 GC heap after
Heap after GC invocations=2 (full 0):
 PSYoungGen      total 34304K, used 2546K [0x00000000eab00000, 0x00000000ecf00000, 0x0000000100000000)
  eden space 31744K, 0% used [0x00000000eab00000,0x00000000eab00000,0x00000000eca00000)
  from space 2560K, 99% used [0x00000000ecc80000,0x00000000ecefcac8,0x00000000ecf00000)
  to   space 2560K, 0% used [0x00000000eca00000,0x00000000eca00000,0x00000000ecc80000)
 ParOldGen       total 42496K, used 1851K [0x00000000c0000000, 0x00000000c2980000, 0x00000000eab00000)
  object space 42496K, 4% used [0x00000000c0000000,0x00000000c01cec00,0x00000000c2980000)
 Metaspace       used 5824K, capacity 6768K, committed 7040K, reserved 1056768K
  class space    used 588K, capacity 616K, committed 640K, reserved 1048576K
}
Event: 8.286 GC heap before
{Heap before GC invocations=3 (full 0):
 PSYoungGen      total 34304K, used 34290K [0x00000000eab00000, 0x00000000ecf00000, 0x0000000100000000)
  eden space 31744K, 100% used [0x00000000eab00000,0x00000000eca00000,0x00000000eca00000)
  from space 2560K, 99% used [0x00000000ecc80000,0x00000000ecefcac8,0x00000000ecf00000)
  to   space 2560K, 0% used [0x00000000eca00000,0x00000000eca00000,0x00000000ecc80000)
 ParOldGen       total 42496K, used 1851K [0x00000000c0000000, 0x00000000c2980000, 0x00000000eab00000)
  object space 42496K, 4% used [0x00000000c0000000,0x00000000c01cec00,0x00000000c2980000)
 Metaspace       used 6173K, capacity 7024K, committed 7296K, reserved 1056768K
  class space    used 589K, capacity 616K, committed 640K, reserved 1048576K
Event: 9.928 GC heap after
Heap after GC invocations=3 (full 0):
 PSYoungGen      total 34304K, used 2552K [0x00000000eab00000, 0x00000000eee00000, 0x0000000100000000)
  eden space 31744K, 0% used [0x00000000eab00000,0x00000000eab00000,0x00000000eca00000)
  from space 2560K, 99% used [0x00000000eca00000,0x00000000ecc7e028,0x00000000ecc80000)
  to   space 2560K, 0% used [0x00000000eeb80000,0x00000000eeb80000,0x00000000eee00000)
 ParOldGen       total 42496K, used 6774K [0x00000000c0000000, 0x00000000c2980000, 0x00000000eab00000)
  object space 42496K, 15% used [0x00000000c0000000,0x00000000c069dab0,0x00000000c2980000)
 Metaspace       used 6173K, capacity 7024K, committed 7296K, reserved 1056768K
  class space    used 589K, capacity 616K, committed 640K, reserved 1048576K
}

Deoptimization events (10 events):
Event: 11.396 Thread 0x0000000017447000 Uncommon trap: reason=class_check action=maybe_recompile pc=0x0000000002d09ce0 method=com.android.dx.ssa.SCCP.setLatticeValueTo(IILcom/android/dx/rop/cst/Constant;)Z @ 43
Event: 11.397 Thread 0x0000000016630000 Uncommon trap: reason=bimorphic action=maybe_recompile pc=0x0000000002c65888 method=com.android.dx.ssa.LiteralOpUpgrader.tryReplacingWithConstant(Lcom/android/dx/ssa/NormalSsaInsn;)Z @ 62
Event: 11.397 Thread 0x0000000016630000 Uncommon trap: reason=unreached action=reinterpret pc=0x0000000002cb80b0 method=com.android.dx.dex.code.RopToDop.dopFor(Lcom/android/dx/rop/code/Insn;)Lcom/android/dx/dex/code/Dop; @ 747
Event: 11.413 Thread 0x0000000002520800 Uncommon trap: reason=unreached action=reinterpret pc=0x0000000002d29d00 method=com.android.dx.cf.code.BytecodeArray.parseInstruction(ILcom/android/dx/cf/code/BytecodeArray$Visitor;)I @ 1198
Event: 11.430 Thread 0x0000000017447000 Uncommon trap: reason=null_check action=make_not_entrant pc=0x000000000294a9e0 method=com.android.dx.rop.type.Type.equals(Ljava/lang/Object;)Z @ 8
Event: 11.430 Thread 0x0000000017447000 Uncommon trap: reason=unreached action=reinterpret pc=0x0000000002ba8cb8 method=com.android.dx.cf.code.Merger.mergeType(Lcom/android/dx/rop/type/TypeBearer;Lcom/android/dx/rop/type/TypeBearer;)Lcom/android/dx/rop/type/TypeBearer; @ 15
Event: 12.494 Thread 0x0000000017447000 Uncommon trap: reason=class_check action=maybe_recompile pc=0x0000000002d09ce0 method=com.android.dx.ssa.SCCP.setLatticeValueTo(IILcom/android/dx/rop/cst/Constant;)Z @ 43
Event: 12.717 Thread 0x0000000017447000 Uncommon trap: reason=unreached action=reinterpret pc=0x0000000002cbdc28 method=com.android.dx.ssa.SsaInsn.getLocalAssignment()Lcom/android/dx/rop/code/RegisterSpec; @ 14
Event: 12.746 Thread 0x0000000017447000 Uncommon trap: reason=unreached action=reinterpret pc=0x0000000002bd2768 method=com.android.dx.ssa.SsaInsn.getLocalAssignment()Lcom/android/dx/rop/code/RegisterSpec; @ 14
Event: 12.897 Thread 0x0000000017447000 Uncommon trap: reason=class_check action=maybe_recompile pc=0x0000000002d09ce0 method=com.android.dx.ssa.SCCP.setLatticeValueTo(IILcom/android/dx/rop/cst/Constant;)Z @ 43

Internal exceptions (10 events):
Event: 2.170 Thread 0x0000000016fd5800 Exception <a 'java/security/PrivilegedActionException'> (0x00000000eb1a2618) thrown at [D:\re\workspace\8-2-build-windows-amd64-cygwin\jdk8u20\1074\hotspot\src\share\vm\prims\jvm.cpp, line 1275]
Event: 2.170 Thread 0x0000000017446000 Exception <a 'java/security/PrivilegedActionException'> (0x00000000eb2613c0) thrown at [D:\re\workspace\8-2-build-windows-amd64-cygwin\jdk8u20\1074\hotspot\src\share\vm\prims\jvm.cpp, line 1275]
Event: 2.170 Thread 0x0000000016fd5800 Exception <a 'java/security/PrivilegedActionException'> (0x00000000eb1a5320) thrown at [D:\re\workspace\8-2-build-windows-amd64-cygwin\jdk8u20\1074\hotspot\src\share\vm\prims\jvm.cpp, line 1275]
Event: 2.217 Thread 0x0000000017447000 Exception <a 'java/security/PrivilegedActionException'> (0x00000000eb42f468) thrown at [D:\re\workspace\8-2-build-windows-amd64-cygwin\jdk8u20\1074\hotspot\src\share\vm\prims\jvm.cpp, line 1275]
Event: 2.219 Thread 0x0000000016630000 Exception <a 'java/security/PrivilegedActionException'> (0x00000000eb473290) thrown at [D:\re\workspace\8-2-build-windows-amd64-cygwin\jdk8u20\1074\hotspot\src\share\vm\prims\jvm.cpp, line 1275]
Event: 2.232 Thread 0x0000000017446000 Exception <a 'java/security/PrivilegedActionException'> (0x00000000eb4aaec8) thrown at [D:\re\workspace\8-2-build-windows-amd64-cygwin\jdk8u20\1074\hotspot\src\share\vm\prims\jvm.cpp, line 1275]
Event: 4.037 Thread 0x0000000002520800 Exception <a 'java/security/PrivilegedActionException'> (0x00000000eac05340) thrown at [D:\re\workspace\8-2-build-windows-amd64-cygwin\jdk8u20\1074\hotspot\src\share\vm\prims\jvm.cpp, line 1275]
Event: 5.312 Thread 0x0000000016630000 Exception <a 'java/security/PrivilegedActionException'> (0x00000000eb670e80) thrown at [D:\re\workspace\8-2-build-windows-amd64-cygwin\jdk8u20\1074\hotspot\src\share\vm\prims\jvm.cpp, line 1275]
Event: 11.430 Thread 0x0000000017447000 Implicit null exception at 0x000000000294a8e2 to 0x000000000294a9d2
Event: 12.755 Thread 0x0000000017447000 Exception <a 'java/security/PrivilegedActionException'> (0x00000000ec2fcdf0) thrown at [D:\re\workspace\8-2-build-windows-amd64-cygwin\jdk8u20\1074\hotspot\src\share\vm\prims\jvm.cpp, line 1275]

Events (10 events):
Event: 12.720 Thread 0x0000000017447000 DEOPT PACKING pc=0x0000000002cbdc28 sp=0x000000001881e9c0
Event: 12.720 Thread 0x0000000017447000 DEOPT UNPACKING pc=0x000000000266556a sp=0x000000001881e908 mode 2
Event: 12.746 Thread 0x0000000017447000 Uncommon trap: trap_request=0xffffffad fr.pc=0x0000000002bd2768
Event: 12.746 Thread 0x0000000017447000 DEOPT PACKING pc=0x0000000002bd2768 sp=0x000000001881e8c0
Event: 12.746 Thread 0x0000000017447000 DEOPT UNPACKING pc=0x000000000266556a sp=0x000000001881e868 mode 2
Event: 12.755 loading class com/android/dx/rop/code/RegisterSpec$1
Event: 12.755 loading class com/android/dx/rop/code/RegisterSpec$1 done
Event: 12.897 Thread 0x0000000017447000 Uncommon trap: trap_request=0xffffffde fr.pc=0x0000000002d09ce0
Event: 12.897 Thread 0x0000000017447000 DEOPT PACKING pc=0x0000000002d09ce0 sp=0x000000001881e940
Event: 12.897 Thread 0x0000000017447000 DEOPT UNPACKING pc=0x000000000266556a sp=0x000000001881e898 mode 2


Dynamic libraries:
0x00007ff6cdf10000 - 0x00007ff6cdf44000 	F:\Java\jdk1.8.0_20\bin\java.exe
0x00007ffd1c160000 - 0x00007ffd1c321000 	C:\WINDOWS\SYSTEM32\ntdll.dll
0x00007ffd1a180000 - 0x00007ffd1a22d000 	C:\WINDOWS\system32\KERNEL32.DLL
0x00007ffd19170000 - 0x00007ffd19358000 	C:\WINDOWS\system32\KERNELBASE.dll
0x00007ffd1a6c0000 - 0x00007ffd1a767000 	C:\WINDOWS\system32\ADVAPI32.dll
0x00007ffd1bdf0000 - 0x00007ffd1be8d000 	C:\WINDOWS\system32\msvcrt.dll
0x00007ffd19560000 - 0x00007ffd195bb000 	C:\WINDOWS\system32\sechost.dll
0x00007ffd1bea0000 - 0x00007ffd1bfbc000 	C:\WINDOWS\system32\RPCRT4.dll
0x00007ffd19ac0000 - 0x00007ffd19c16000 	C:\WINDOWS\system32\USER32.dll
0x00007ffd1a230000 - 0x00007ffd1a3b6000 	C:\WINDOWS\system32\GDI32.dll
0x00007ffd12280000 - 0x00007ffd124f4000 	C:\WINDOWS\WinSxS\amd64_microsoft.windows.common-controls_6595b64144ccf1df_6.0.10586.0_none_8c15ae12515e1c22\COMCTL32.dll
0x00007ffd1a3c0000 - 0x00007ffd1a63d000 	C:\WINDOWS\system32\combase.dll
0x00007ffd194d0000 - 0x00007ffd1953a000 	C:\WINDOWS\system32\bcryptPrimitives.dll
0x00007ffd197d0000 - 0x00007ffd1980b000 	C:\WINDOWS\system32\IMM32.DLL
0x00007ffd18670000 - 0x00007ffd186a2000 	C:\Windows\system32\nvinitx.dll
0x00007ffd18660000 - 0x00007ffd1866a000 	C:\WINDOWS\SYSTEM32\VERSION.dll
0x0000000075d00000 - 0x0000000075dd2000 	F:\Java\jdk1.8.0_20\jre\bin\msvcr100.dll
0x0000000075e10000 - 0x0000000076668000 	F:\Java\jdk1.8.0_20\jre\bin\server\jvm.dll
0x00007ffd1bde0000 - 0x00007ffd1bde8000 	C:\WINDOWS\system32\PSAPI.DLL
0x00007ffd09f20000 - 0x00007ffd09f29000 	C:\WINDOWS\SYSTEM32\WSOCK32.dll
0x00007ffd1c030000 - 0x00007ffd1c09b000 	C:\WINDOWS\system32\WS2_32.dll
0x00007ffd167d0000 - 0x00007ffd167f3000 	C:\WINDOWS\SYSTEM32\WINMM.dll
0x00007ffd167a0000 - 0x00007ffd167cc000 	C:\WINDOWS\SYSTEM32\WINMMBASE.dll
0x00007ffd19120000 - 0x00007ffd19163000 	C:\WINDOWS\system32\cfgmgr32.dll
0x0000000077550000 - 0x000000007755f000 	F:\Java\jdk1.8.0_20\jre\bin\verify.dll
0x0000000077520000 - 0x0000000077548000 	F:\Java\jdk1.8.0_20\jre\bin\java.dll
0x0000000077500000 - 0x0000000077516000 	F:\Java\jdk1.8.0_20\jre\bin\zip.dll
0x00007ffd1a880000 - 0x00007ffd1bddc000 	C:\WINDOWS\system32\SHELL32.dll
0x00007ffd18ad0000 - 0x00007ffd19114000 	C:\WINDOWS\system32\windows.storage.dll
0x00007ffd1a660000 - 0x00007ffd1a6b2000 	C:\WINDOWS\system32\shlwapi.dll
0x00007ffd18780000 - 0x00007ffd1878f000 	C:\WINDOWS\system32\kernel.appcore.dll
0x00007ffd19410000 - 0x00007ffd194c5000 	C:\WINDOWS\system32\shcore.dll
0x00007ffd187c0000 - 0x00007ffd1880b000 	C:\WINDOWS\system32\powrprof.dll
0x00007ffd187a0000 - 0x00007ffd187b4000 	C:\WINDOWS\system32\profapi.dll
0x00007ffd12860000 - 0x00007ffd129ec000 	C:\WINDOWS\SYSTEM32\dbghelp.dll

VM Arguments:
jvm_args: -Djava.awt.headless=true -Xmx1024M -Dfile.encoding=GBK -Duser.country=CN -Duser.language=zh -Duser.variant 
java_command: com.android.dx.command.Main --dex --num-threads=4 --output F:\ASW1\app\build\intermediates\pre-dexed\debug\com.google.android.gms-play-services-basement-8.1.0_969416cac633726362ccb4e446b58ff0305b9f6c.jar F:\ASW1\app\build\intermediates\exploded-aar\com.google.android.gms\play-services-basement\8.1.0\jars\classes.jar
java_class_path (initial): F:\sdk\build-tools\23.0.2\lib\dx.jar
Launcher Type: SUN_STANDARD

Environment Variables:
JAVA_HOME=F:\Java\jdk1.8.0_20
CLASSPATH=.;F:\Java\jdk1.8.0_20\lib\dt.jar;F:\Java\jdk1.8.0_20\lib\tools.jar;
PATH=F:\Java\jdk1.8.0_20\bin;F:\Java\jdk1.8.0_20\jre\bin;C:\ProgramData\Oracle\Java\javapath;C:\Program Files\Broadcom\Broadcom 802.11 Network Adapter\Driver;C:\Program Files\Dell\DW WLAN Card;C:\Windows\system32;C:\Windows;C:\Windows\System32\Wbem;C:\Windows\System32\WindowsPowerShell\v1.0\;C:\WINDOWS\system32;C:\WINDOWS;C:\WINDOWS\System32\Wbem;C:\WINDOWS\System32\WindowsPowerShell\v1.0\;F:\Maven\bin;C:\Program Files (x86)\NVIDIA Corporation\PhysX\Common;D:\Bluetooth\Bluetooth Software\;D:\Bluetooth\Bluetooth Software\syswow64;
USERNAME=fjh
OS=Windows_NT
PROCESSOR_IDENTIFIER=Intel64 Family 6 Model 58 Stepping 9, GenuineIntel



---------------  S Y S T E M  ---------------

OS: Windows 8.1 , 64 bit Build 9600 

CPU:total 4 (2 cores per cpu, 2 threads per core) family 6 model 58 stepping 9, cmov, cx8, fxsr, mmx, sse, sse2, sse3, ssse3, sse4.1, sse4.2, popcnt, avx, clmul, erms, ht, tsc, tscinvbit, tscinv

Memory: 4k page, physical 4060296k(320612k free), swap 12099040k(5620k free)

vm_info: Java HotSpot(TM) 64-Bit Server VM (25.20-b23) for windows-amd64 JRE (1.8.0_20-b26), built on Jul 30 2014 13:51:23 by "java_re" with MS VC++ 10.0 (VS2010)

time: Fri Jun 03 04:50:57 2016
elapsed time: 13 seconds (0d 0h 0m 13s)

